#
# A fatal error has been detected by the Java Runtime Environment:
#
#  EXCEPTION_ACCESS_VIOLATION (0xc0000005) at pc=0x00007ffe5d9da873, pid=13148, tid=2420
#
# JRE version: OpenJDK Runtime Environment Temurin-17.0.11+9 (17.0.11+9) (build 17.0.11+9)
# Java VM: OpenJDK 64-Bit Server VM Temurin-17.0.11+9 (17.0.11+9, mixed mode, tiered, compressed oops, compressed class ptrs, parallel gc, windows-amd64)
# Problematic frame:
# V  [jvm.dll+0x7a873]
#
# No core dump will be written. Minidumps are not enabled by default on client versions of Windows
#
# If you would like to submit a bug report, please visit:
#   https://github.com/adoptium/adoptium-support/issues
#

---------------  S U M M A R Y ------------

Command Line: --add-modules=ALL-SYSTEM --add-opens=java.base/java.util=ALL-UNNAMED --add-opens=java.base/java.lang=ALL-UNNAMED --add-opens=java.base/sun.nio.fs=ALL-UNNAMED -Declipse.application=org.eclipse.jdt.ls.core.id1 -Dosgi.bundles.defaultStartLevel=4 -Declipse.product=org.eclipse.jdt.ls.core.product -Djava.import.generatesMetadataFilesAtProjectRoot=false -DDetectVMInstallationsJob.disabled=true -Dfile.encoding=utf8 -XX:+UseParallelGC -XX:GCTimeRatio=4 -XX:AdaptiveSizePolicyWeight=90 -Dsun.zip.disableMemoryMapping=true -Xmx1G -Xms100m -Xlog:disable -javaagent:c:\Users\euros\.vscode\extensions\redhat.java-1.33.0-win32-x64\lombok\lombok-1.18.33.jar -XX:+HeapDumpOnOutOfMemoryError -XX:HeapDumpPath=c:\Users\euros\AppData\Roaming\Code\User\workspaceStorage\7508fa4ae4f0ac66f54dc1d2b0b2b701\redhat.java -Daether.dependencyCollector.impl=bf c:\Users\euros\.vscode\extensions\redhat.java-1.33.0-win32-x64\server\plugins\org.eclipse.equinox.launcher_1.6.900.v20240613-2009.jar -configuration c:\Users\euros\AppData\Roaming\Code\User\globalStorage\redhat.java\1.33.0\config_win -data c:\Users\euros\AppData\Roaming\Code\User\workspaceStorage\7508fa4ae4f0ac66f54dc1d2b0b2b701\redhat.java\jdt_ws --pipe=\\.\pipe\lsp-69b9f4d0629e47922f66d876f477b3f4-sock

Host: AMD Ryzen 5 4500 6-Core Processor              , 12 cores, 47G,  Windows 11 , 64 bit Build 22621 (10.0.22621.3672)
Time: Sun Aug  4 16:20:29 2024 Hora oficial do Brasil elapsed time: 44.838786 seconds (0d 0h 0m 44s)

---------------  T H R E A D  ---------------

Current thread (0x000001d926840180):  JavaThread "C2 CompilerThread0" daemon [_thread_in_native, id=2420, stack(0x0000000255700000,0x0000000255800000)]


Current CompileTask:
C2:  44838 8118   !   4       java.nio.file.FileTreeWalker::next (144 bytes)

Stack: [0x0000000255700000,0x0000000255800000],  sp=0x00000002557fab40,  free space=1002k
Native frames: (J=compiled Java code, j=interpreted, Vv=VM code, C=native code)
V  [jvm.dll+0x7a873]
V  [jvm.dll+0x6a38bc]
V  [jvm.dll+0x65c18f]
V  [jvm.dll+0x6a3213]
V  [jvm.dll+0x6a3d6a]
V  [jvm.dll+0x6a46de]
V  [jvm.dll+0x6a302a]
V  [jvm.dll+0x222dc9]
V  [jvm.dll+0x21bf3f]
V  [jvm.dll+0x2197a1]
V  [jvm.dll+0x1a534d]
V  [jvm.dll+0x2295cd]
V  [jvm.dll+0x22779c]
V  [jvm.dll+0x7e9d07]
V  [jvm.dll+0x7e410a]
V  [jvm.dll+0x67c315]
C  [ucrtbase.dll+0x29333]
C  [KERNEL32.DLL+0x1257d]
C  [ntdll.dll+0x5aa48]


siginfo: EXCEPTION_ACCESS_VIOLATION (0xc0000005), reading address 0x00000000fffffff9


Registers:
RAX=0x0000000000000008, RBX=0x0000000000000000, RCX=0x000001d92b3b92ac, RDX=0x0000000100000001
RSP=0x00000002557fab40, RBP=0x0000000000000000, RSI=0x0000000000000000, RDI=0x000001d92cfd7098
R8 =0x00000001000001d9, R9 =0x000001d92cfd70d8, R10=0x000001d92cfd7098, R11=0x000001d92cfd70d8
R12=0x000001d92b3b92ac, R13=0x000001d90b51b9b8, R14=0x0000000000000000, R15=0x00000002557fb930
RIP=0x00007ffe5d9da873, EFLAGS=0x0000000000010293


Register to memory mapping:

RIP=0x00007ffe5d9da873 jvm.dll
RAX=0x0000000000000008 is an unknown value
RBX=0x0 is NULL
RCX=0x000001d92b3b92ac points into unknown readable memory: fe 7f 00 00
RDX=0x0000000100000001 is pointing into metadata
RSP=0x00000002557fab40 is pointing into the stack for thread: 0x000001d926840180
RBP=0x0 is NULL
RSI=0x0 is NULL
RDI=0x000001d92cfd7098 points into unknown readable memory: 0x00007ffe5e2c2df0 | f0 2d 2c 5e fe 7f 00 00
R8 =0x00000001000001d9 is pointing into metadata
R9 =0x000001d92cfd70d8 points into unknown readable memory: 0x000001d92b3b92ac | ac 92 3b 2b d9 01 00 00
R10=0x000001d92cfd7098 points into unknown readable memory: 0x00007ffe5e2c2df0 | f0 2d 2c 5e fe 7f 00 00
R11=0x000001d92cfd70d8 points into unknown readable memory: 0x000001d92b3b92ac | ac 92 3b 2b d9 01 00 00
R12=0x000001d92b3b92ac points into unknown readable memory: fe 7f 00 00
R13=0x000001d90b51b9b8 points into unknown readable memory: 0x000001d90b53d0e0 | e0 d0 53 0b d9 01 00 00
R14=0x0 is NULL
R15=0x00000002557fb930 is pointing into the stack for thread: 0x000001d926840180


Top of Stack: (sp=0x00000002557fab40)
0x00000002557fab40:   00000002557fb930 0000000000000000
0x00000002557fab50:   0000000000000000 000001d92cfd7098
0x00000002557fab60:   00000002557fb930 00007ffe5e0038bc
0x00000002557fab70:   000001d92b3b92ac 0000000000000000
0x00000002557fab80:   0000000000000000 00000002557fb930
0x00000002557fab90:   0000000000000000 00007ffe5dfbc18f
0x00000002557faba0:   000001d92cfd7098 000001d92ba810c8
0x00000002557fabb0:   000001d92cfd7f18 00007ffe5e0027f9
0x00000002557fabc0:   000001d92cfd7098 00000002557fc2f0
0x00000002557fabd0:   0000000000000000 000001d92b3b92ac
0x00000002557fabe0:   000001d92cfd7108 00007ffe5e003213
0x00000002557fabf0:   0000000000000619 00000002557fb930
0x00000002557fac00:   0000000000088100 00007ffe5dfb8f1d
0x00000002557fac10:   000001d92cb08440 00000000000881a8
0x00000002557fac20:   000001d92cfd7108 00000002557fb930
0x00000002557fac30:   000001d92b3b92ac 00007ffe5e003d6a
0x00000002557fac40:   0000000000000619 000001d92b3b92ac
0x00000002557fac50:   0000000000000000 000001d92b481580
0x00000002557fac60:   000001d92cfd8218 00000000000881a8
0x00000002557fac70:   0000000000000000 000001d92b3b92ac
0x00000002557fac80:   0000000000000118 00000002557fb930
0x00000002557fac90:   000001d92cfd7108 00007ffe5e0046de
0x00000002557faca0:   00000002557fb930 000001d92cfd7168
0x00000002557facb0:   000001d92cfd7170 0000000000000619
0x00000002557facc0:   00000002557fb930 00007ffe5e00302a
0x00000002557facd0:   00000002557fe8f0 0000000000000619
0x00000002557face0:   000001d92cfd7108 000001d90b53d0e0
0x00000002557facf0:   000001d92ea113f8 00000002557fe8f0
0x00000002557fad00:   000001d92ea09410 00007ffe5db82dc9
0x00000002557fad10:   000001d92ea0d420 0000000000000000
0x00000002557fad20:   000001d92682b130 00000002557fb930
0x00000002557fad30:   00007ffe5e29ef20 00007ffe0000000e 

Instructions: (pc=0x00007ffe5d9da873)
0x00007ffe5d9da773:   00 00 c3 cc cc cc cc cc cc cc cc cc cc b8 a9 03
0x00007ffe5d9da783:   00 00 c3 cc cc cc cc cc cc cc cc cc cc b8 ab 03
0x00007ffe5d9da793:   00 00 c3 cc cc cc cc cc cc cc cc cc cc b8 5d 02
0x00007ffe5d9da7a3:   00 00 c3 cc cc cc cc cc cc cc cc cc cc b8 56 02
0x00007ffe5d9da7b3:   00 00 c3 cc cc cc cc cc cc cc cc cc cc b8 59 02
0x00007ffe5d9da7c3:   00 00 c3 cc cc cc cc cc cc cc cc cc cc b8 8b 01
0x00007ffe5d9da7d3:   00 00 c3 cc cc cc cc cc cc cc cc cc cc b8 c6 02
0x00007ffe5d9da7e3:   00 00 c3 cc cc cc cc cc cc cc cc cc cc b8 b6 02
0x00007ffe5d9da7f3:   00 00 c3 cc cc cc cc cc cc cc cc cc cc b8 c7 02
0x00007ffe5d9da803:   00 00 c3 cc cc cc cc cc cc cc cc cc cc b8 c9 02
0x00007ffe5d9da813:   00 00 c3 cc cc cc cc cc cc cc cc cc cc b8 c8 02
0x00007ffe5d9da823:   00 00 c3 cc cc cc cc cc cc cc cc cc cc b8 aa 02
0x00007ffe5d9da833:   00 00 c3 cc cc cc cc cc cc cc cc cc cc 48 89 5c
0x00007ffe5d9da843:   24 08 57 48 83 ec 20 48 8b 41 08 48 8b f9 8b d2
0x00007ffe5d9da853:   49 8b d8 48 8b 0c d0 4c 8d 0c d0 48 85 c9 74 26
0x00007ffe5d9da863:   4c 8b 41 10 4d 85 c0 74 1d 8b 41 20 49 8d 14 c0
0x00007ffe5d9da873:   48 39 7a f8 48 8d 52 f8 75 f6 ff c8 89 41 20 49
0x00007ffe5d9da883:   8b 0c c0 48 89 0a 49 89 19 48 85 db 74 29 48 8b
0x00007ffe5d9da893:   4b 10 48 85 c9 74 20 8b 43 20 3b 43 24 75 11 8b
0x00007ffe5d9da8a3:   d0 48 8b cb e8 24 14 5e 00 8b 43 20 48 8b 4b 10
0x00007ffe5d9da8b3:   48 89 3c c1 ff 43 20 8b 0d 78 86 b4 00 65 48 8b
0x00007ffe5d9da8c3:   04 25 58 00 00 00 ba 50 00 00 00 48 8b 04 c8 80
0x00007ffe5d9da8d3:   3c 02 00 75 05 e8 2b 5d 81 00 48 8b 5c 24 30 48
0x00007ffe5d9da8e3:   83 c4 20 5f c3 cc cc cc cc cc cc cc cc b8 a8 00
0x00007ffe5d9da8f3:   00 00 c3 cc cc cc cc cc cc cc cc cc cc 40 53 48
0x00007ffe5d9da903:   83 ec 20 48 8b d9 e8 92 02 00 00 48 8d 05 73 b6
0x00007ffe5d9da913:   86 00 c6 83 98 00 00 00 00 48 89 03 48 8d 83 a8
0x00007ffe5d9da923:   00 00 00 48 89 43 40 48 8b c3 c7 43 2c be 00 00
0x00007ffe5d9da933:   00 c7 43 3c 02 00 00 00 48 83 c4 20 5b c3 cc cc
0x00007ffe5d9da943:   cc cc cc cc cc cc cc cc cc cc cc cc cc 40 53 48
0x00007ffe5d9da953:   83 ec 20 48 8b d9 e8 42 02 00 00 48 8d 05 1b b9
0x00007ffe5d9da963:   86 00 c7 43 2c de 00 00 00 48 89 03 48 8d 83 a0 


Stack slot to memory mapping:
stack at sp + 0 slots: 0x00000002557fb930 is pointing into the stack for thread: 0x000001d926840180
stack at sp + 1 slots: 0x0 is NULL
stack at sp + 2 slots: 0x0 is NULL
stack at sp + 3 slots: 0x000001d92cfd7098 points into unknown readable memory: 0x00007ffe5e2c2df0 | f0 2d 2c 5e fe 7f 00 00
stack at sp + 4 slots: 0x00000002557fb930 is pointing into the stack for thread: 0x000001d926840180
stack at sp + 5 slots: 0x00007ffe5e0038bc jvm.dll
stack at sp + 6 slots: 0x000001d92b3b92ac points into unknown readable memory: fe 7f 00 00
stack at sp + 7 slots: 0x0 is NULL


---------------  P R O C E S S  ---------------

Threads class SMR info:
_java_thread_list=0x000001d92a349100, length=50, elements={
0x000001d90d803c50, 0x000001d921672810, 0x000001d921673e30, 0x000001d9268367a0,
0x000001d926837530, 0x000001d9268383b0, 0x000001d926839f80, 0x000001d926840180,
0x000001d926841b50, 0x000001d92684ac30, 0x000001d90d8640e0, 0x000001d927fecd20,
0x000001d928955050, 0x000001d9289930a0, 0x000001d928928190, 0x000001d9287594f0,
0x000001d92821c560, 0x000001d928219ce0, 0x000001d92821ac10, 0x000001d9282192c0,
0x000001d9282197d0, 0x000001d92821a1f0, 0x000001d92821b120, 0x000001d92821b630,
0x000001d92ae7fbb0, 0x000001d92ae7f190, 0x000001d92ae82430, 0x000001d92ae800c0,
0x000001d92ae7b4d0, 0x000001d92ae7e770, 0x000001d92ae7d840, 0x000001d92ae7bef0,
0x000001d92ae7c400, 0x000001d92ae7c910, 0x000001d92ae7ec80, 0x000001d92ae81500,
0x000001d92ae7e260, 0x000001d92ae805d0, 0x000001d92ae80ae0, 0x000001d92ae81a10,
0x000001d92ae82940, 0x000001d92ae80ff0, 0x000001d92ae82e50, 0x000001d92ae7ce20,
0x000001d92ae7d330, 0x000001d92821a700, 0x000001d92821bb40, 0x000001d9288b7b50,
0x000001d9288b6610, 0x000001d92ae7f6a0
}

Java Threads: ( => current thread )
  0x000001d90d803c50 JavaThread "main" [_thread_blocked, id=6228, stack(0x0000000254e00000,0x0000000254f00000)]
  0x000001d921672810 JavaThread "Reference Handler" daemon [_thread_blocked, id=4860, stack(0x0000000255100000,0x0000000255200000)]
  0x000001d921673e30 JavaThread "Finalizer" daemon [_thread_blocked, id=13196, stack(0x0000000255200000,0x0000000255300000)]
  0x000001d9268367a0 JavaThread "Signal Dispatcher" daemon [_thread_blocked, id=12664, stack(0x0000000255300000,0x0000000255400000)]
  0x000001d926837530 JavaThread "Attach Listener" daemon [_thread_blocked, id=14732, stack(0x0000000255400000,0x0000000255500000)]
  0x000001d9268383b0 JavaThread "Service Thread" daemon [_thread_blocked, id=15892, stack(0x0000000255500000,0x0000000255600000)]
  0x000001d926839f80 JavaThread "Monitor Deflation Thread" daemon [_thread_blocked, id=12048, stack(0x0000000255600000,0x0000000255700000)]
=>0x000001d926840180 JavaThread "C2 CompilerThread0" daemon [_thread_in_native, id=2420, stack(0x0000000255700000,0x0000000255800000)]
  0x000001d926841b50 JavaThread "C1 CompilerThread0" daemon [_thread_in_native, id=5076, stack(0x0000000255800000,0x0000000255900000)]
  0x000001d92684ac30 JavaThread "Sweeper thread" daemon [_thread_blocked, id=11616, stack(0x0000000255900000,0x0000000255a00000)]
  0x000001d90d8640e0 JavaThread "Common-Cleaner" daemon [_thread_blocked, id=14384, stack(0x0000000255a00000,0x0000000255b00000)]
  0x000001d927fecd20 JavaThread "Notification Thread" daemon [_thread_blocked, id=6044, stack(0x0000000255b00000,0x0000000255c00000)]
  0x000001d928955050 JavaThread "Active Thread: Equinox Container: e03d29d6-d2bc-4546-9fa0-701cfba064ee" [_thread_blocked, id=17316, stack(0x0000000256500000,0x0000000256600000)]
  0x000001d9289930a0 JavaThread "Framework Event Dispatcher: Equinox Container: e03d29d6-d2bc-4546-9fa0-701cfba064ee" daemon [_thread_blocked, id=17300, stack(0x0000000255d00000,0x0000000255e00000)]
  0x000001d928928190 JavaThread "Start Level: Equinox Container: e03d29d6-d2bc-4546-9fa0-701cfba064ee" daemon [_thread_blocked, id=8836, stack(0x0000000256400000,0x0000000256500000)]
  0x000001d9287594f0 JavaThread "Bundle File Closer" daemon [_thread_blocked, id=1068, stack(0x0000000256800000,0x0000000256900000)]
  0x000001d92821c560 JavaThread "SCR Component Actor" daemon [_thread_blocked, id=17612, stack(0x0000000256a00000,0x0000000256b00000)]
  0x000001d928219ce0 JavaThread "Worker-JM" [_thread_blocked, id=17672, stack(0x0000000256d00000,0x0000000256e00000)]
  0x000001d92821ac10 JavaThread "JNA Cleaner" daemon [_thread_blocked, id=17948, stack(0x0000000256e00000,0x0000000256f00000)]
  0x000001d9282192c0 JavaThread "Worker-0: Java indexing... " [_thread_blocked, id=17964, stack(0x0000000257000000,0x0000000257100000)]
  0x000001d9282197d0 JavaThread "Worker-1: Initialize workspace" [_thread_in_vm, id=18068, stack(0x0000000256c00000,0x0000000256d00000)]
  0x000001d92821a1f0 JavaThread "Java indexing" daemon [_thread_in_vm, id=18120, stack(0x0000000257200000,0x0000000257300000)]
  0x000001d92821b120 JavaThread "Thread-2" daemon [_thread_in_native, id=18140, stack(0x0000000257500000,0x0000000257600000)]
  0x000001d92821b630 JavaThread "Thread-3" daemon [_thread_in_native, id=18144, stack(0x0000000257600000,0x0000000257700000)]
  0x000001d92ae7fbb0 JavaThread "Thread-4" daemon [_thread_in_native, id=18148, stack(0x0000000257700000,0x0000000257800000)]
  0x000001d92ae7f190 JavaThread "Thread-5" daemon [_thread_in_native, id=18152, stack(0x0000000257800000,0x0000000257900000)]
  0x000001d92ae82430 JavaThread "Thread-6" daemon [_thread_in_native, id=18156, stack(0x0000000257900000,0x0000000257a00000)]
  0x000001d92ae800c0 JavaThread "Thread-7" daemon [_thread_in_native, id=18160, stack(0x0000000257a00000,0x0000000257b00000)]
  0x000001d92ae7b4d0 JavaThread "Thread-8" daemon [_thread_in_native, id=18164, stack(0x0000000257b00000,0x0000000257c00000)]
  0x000001d92ae7e770 JavaThread "Thread-9" daemon [_thread_in_native, id=18168, stack(0x0000000257c00000,0x0000000257d00000)]
  0x000001d92ae7d840 JavaThread "Thread-10" daemon [_thread_in_native, id=18172, stack(0x0000000257d00000,0x0000000257e00000)]
  0x000001d92ae7bef0 JavaThread "Thread-11" daemon [_thread_in_native, id=18176, stack(0x0000000257e00000,0x0000000257f00000)]
  0x000001d92ae7c400 JavaThread "Thread-12" daemon [_thread_in_native, id=18180, stack(0x0000000257f00000,0x0000000258000000)]
  0x000001d92ae7c910 JavaThread "Thread-13" daemon [_thread_in_native, id=18184, stack(0x0000000258000000,0x0000000258100000)]
  0x000001d92ae7ec80 JavaThread "Thread-14" daemon [_thread_in_native, id=18188, stack(0x0000000258100000,0x0000000258200000)]
  0x000001d92ae81500 JavaThread "pool-2-thread-1" [_thread_blocked, id=18192, stack(0x0000000258200000,0x0000000258300000)]
  0x000001d92ae7e260 JavaThread "WorkspaceEventsHandler" [_thread_blocked, id=18324, stack(0x0000000257100000,0x0000000257200000)]
  0x000001d92ae805d0 JavaThread "pool-1-thread-1" [_thread_blocked, id=18328, stack(0x0000000258300000,0x0000000258400000)]
  0x000001d92ae80ae0 JavaThread "Worker-2" [_thread_blocked, id=18332, stack(0x0000000258400000,0x0000000258500000)]
  0x000001d92ae81a10 JavaThread "Worker-3" [_thread_blocked, id=18372, stack(0x0000000258600000,0x0000000258700000)]
  0x000001d92ae82940 JavaThread "Timer-0" [_thread_blocked, id=17424, stack(0x0000000256f00000,0x0000000257000000)]
  0x000001d92ae80ff0 JavaThread "Exec process" [_thread_blocked, id=18988, stack(0x0000000256b00000,0x0000000256c00000)]
  0x000001d92ae82e50 JavaThread "Exec process Thread 2" [_thread_blocked, id=19000, stack(0x0000000258700000,0x0000000258800000)]
  0x000001d92ae7ce20 JavaThread "Exec process Thread 3" [_thread_blocked, id=19004, stack(0x0000000258800000,0x0000000258900000)]
  0x000001d92ae7d330 JavaThread "Timer-1" [_thread_blocked, id=19136, stack(0x0000000258a00000,0x0000000258b00000)]
  0x000001d92821a700 JavaThread "ForkJoinPool.commonPool-worker-1" daemon [_thread_blocked, id=18040, stack(0x0000000258500000,0x0000000258600000)]
  0x000001d92821bb40 JavaThread "ForkJoinPool.commonPool-worker-2" daemon [_thread_blocked, id=19060, stack(0x0000000258900000,0x0000000258a00000)]
  0x000001d9288b7b50 JavaThread "C2 CompilerThread1" daemon [_thread_in_native, id=17472, stack(0x0000000258b00000,0x0000000258c00000)]
  0x000001d9288b6610 JavaThread "C2 CompilerThread2" daemon [_thread_in_native, id=14420, stack(0x0000000258c00000,0x0000000258d00000)]
  0x000001d92ae7f6a0 JavaThread "ForkJoinPool.commonPool-worker-3" daemon [_thread_blocked, id=19408, stack(0x0000000258e00000,0x0000000258f00000)]

Other Threads:
  0x000001d90d88baf0 VMThread "VM Thread" [stack: 0x0000000255000000,0x0000000255100000] [id=16252]
  0x000001d926b370b0 WatcherThread [stack: 0x0000000255c00000,0x0000000255d00000] [id=11548]
  0x000001d90d819640 GCTaskThread "GC Thread#0" [stack: 0x0000000254f00000,0x0000000255000000] [id=16908]
  0x000001d928513a50 GCTaskThread "GC Thread#1" [stack: 0x0000000255e00000,0x0000000255f00000] [id=10260]
  0x000001d9282c74b0 GCTaskThread "GC Thread#2" [stack: 0x0000000255f00000,0x0000000256000000] [id=4924]
  0x000001d9282c7770 GCTaskThread "GC Thread#3" [stack: 0x0000000256000000,0x0000000256100000] [id=11748]
  0x000001d9282f7100 GCTaskThread "GC Thread#4" [stack: 0x0000000256100000,0x0000000256200000] [id=5356]
  0x000001d9282f73c0 GCTaskThread "GC Thread#5" [stack: 0x0000000256200000,0x0000000256300000] [id=2020]
  0x000001d9282f3ef0 GCTaskThread "GC Thread#6" [stack: 0x0000000256300000,0x0000000256400000] [id=7260]
  0x000001d9289275b0 GCTaskThread "GC Thread#7" [stack: 0x0000000256600000,0x0000000256700000] [id=12964]
  0x000001d92821d580 GCTaskThread "GC Thread#8" [stack: 0x0000000256700000,0x0000000256800000] [id=17604]
  0x000001d928655050 GCTaskThread "GC Thread#9" [stack: 0x0000000256900000,0x0000000256a00000] [id=17608]

Threads with active compile tasks:
C2 CompilerThread0    44880 8118   !   4       java.nio.file.FileTreeWalker::next (144 bytes)
C2 CompilerThread1    44880 8281       4       org.eclipse.jdt.internal.core.JarPackageFragmentRoot::initRawPackageInfo (342 bytes)
C2 CompilerThread2    44880 7893       4       jdk.internal.jimage.ImageLocation::getFullName (109 bytes)

VM state: not at safepoint (normal execution)

VM Mutex/Monitor currently owned by a thread: None

Heap address: 0x00000000c0000000, size: 1024 MB, Compressed Oops mode: 32-bit

CDS archive(s) not mapped
Compressed class space mapped at: 0x0000000100000000-0x0000000140000000, reserved size: 1073741824
Narrow klass base: 0x0000000000000000, Narrow klass shift: 3, Narrow klass range: 0x140000000

GC Precious Log:
 CPUs: 12 total, 12 available
 Memory: 49019M
 Large Page Support: Disabled
 NUMA Support: Disabled
 Compressed Oops: Enabled (32-bit)
 Alignments: Space 512K, Generation 512K, Heap 2M
 Heap Min Capacity: 100M
 Heap Initial Capacity: 100M
 Heap Max Capacity: 1G
 Pre-touch: Disabled
 Parallel Workers: 10

Heap:
 PSYoungGen      total 22016K, used 9127K [0x00000000eab00000, 0x00000000ec380000, 0x0000000100000000)
  eden space 19456K, 35% used [0x00000000eab00000,0x00000000eb1c9e38,0x00000000ebe00000)
  from space 2560K, 85% used [0x00000000ec100000,0x00000000ec320010,0x00000000ec380000)
  to   space 2560K, 0% used [0x00000000ebe00000,0x00000000ebe00000,0x00000000ec080000)
 ParOldGen       total 68608K, used 50105K [0x00000000c0000000, 0x00000000c4300000, 0x00000000eab00000)
  object space 68608K, 73% used [0x00000000c0000000,0x00000000c30ee568,0x00000000c4300000)
 Metaspace       used 66937K, committed 68096K, reserved 1114112K
  class space    used 7740K, committed 8192K, reserved 1048576K

Card table byte_map: [0x000001d90d190000,0x000001d90d3a0000] _byte_map_base: 0x000001d90cb90000

Marking Bits: (ParMarkBitMap*) 0x00007ffe5e4fd820
 Begin Bits: [0x000001d91f480000, 0x000001d920480000)
 End Bits:   [0x000001d920480000, 0x000001d921480000)

Polling page: 0x000001d90b7d0000

Metaspace:

Usage:
  Non-class:     57.81 MB used.
      Class:      7.56 MB used.
       Both:     65.37 MB used.

Virtual space:
  Non-class space:       64.00 MB reserved,      58.50 MB ( 91%) committed,  1 nodes.
      Class space:        1.00 GB reserved,       8.00 MB ( <1%) committed,  1 nodes.
             Both:        1.06 GB reserved,      66.50 MB (  6%) committed. 

Chunk freelists:
   Non-Class:  4.89 MB
       Class:  7.88 MB
        Both:  12.77 MB

MaxMetaspaceSize: unlimited
CompressedClassSpaceSize: 1.00 GB
Initial GC threshold: 21.00 MB
Current GC threshold: 97.31 MB
CDS: off
MetaspaceReclaimPolicy: balanced
 - commit_granule_bytes: 65536.
 - commit_granule_words: 8192.
 - virtual_space_node_default_size: 8388608.
 - enlarge_chunks_in_place: 1.
 - new_chunks_are_fully_committed: 0.
 - uncommit_free_chunks: 1.
 - use_allocation_guard: 0.
 - handle_deallocations: 1.


Internal statistics:

num_allocs_failed_limit: 9.
num_arena_births: 772.
num_arena_deaths: 28.
num_vsnodes_births: 2.
num_vsnodes_deaths: 0.
num_space_committed: 1064.
num_space_uncommitted: 0.
num_chunks_returned_to_freelist: 42.
num_chunks_taken_from_freelist: 3302.
num_chunk_merges: 14.
num_chunk_splits: 2146.
num_chunks_enlarged: 1440.
num_inconsistent_stats: 0.

CodeHeap 'non-profiled nmethods': size=120000Kb used=4624Kb max_used=4624Kb free=115375Kb
 bounds [0x000001d917f50000, 0x000001d918400000, 0x000001d91f480000]
CodeHeap 'profiled nmethods': size=120000Kb used=13385Kb max_used=13509Kb free=106614Kb
 bounds [0x000001d910480000, 0x000001d9111e0000, 0x000001d9179b0000]
CodeHeap 'non-nmethods': size=5760Kb used=1340Kb max_used=1414Kb free=4419Kb
 bounds [0x000001d9179b0000, 0x000001d917c20000, 0x000001d917f50000]
 total_blobs=7574 nmethods=6890 adapters=596
 compilation: enabled
              stopped_count=0, restarted_count=0
 full_count=0

Compilation events (20 events):
Event: 44.797 Thread 0x000001d9288b6610 nmethod 8299 0x000001d918169b10 code [0x000001d918169cc0, 0x000001d91816a508]
Event: 44.797 Thread 0x000001d9288b6610 8312       4       org.eclipse.jdt.internal.core.util.SimpleWordSet::add (81 bytes)
Event: 44.801 Thread 0x000001d926841b50 8317   !   2       sun.nio.ch.ChannelInputStream::read (95 bytes)
Event: 44.802 Thread 0x000001d926841b50 nmethod 8317 0x000001d9110d0190 code [0x000001d9110d0380, 0x000001d9110d0768]
Event: 44.821 Thread 0x000001d926841b50 8320       2       org.eclipse.jdt.internal.compiler.classfmt.FieldInfo::<init> (24 bytes)
Event: 44.821 Thread 0x000001d926841b50 nmethod 8320 0x000001d9110cfe10 code [0x000001d9110cffa0, 0x000001d9110d00f8]
Event: 44.822 Thread 0x000001d926841b50 8321       2       org.eclipse.jdt.internal.compiler.classfmt.FieldInfo::getName (49 bytes)
Event: 44.822 Thread 0x000001d926841b50 nmethod 8321 0x000001d9110cf710 code [0x000001d9110cf8e0, 0x000001d9110cfba8]
Event: 44.822 Thread 0x000001d926841b50 8323       2       org.eclipse.jdt.internal.compiler.parser.ScannerHelper::isWhitespace (26 bytes)
Event: 44.822 Thread 0x000001d926841b50 nmethod 8323 0x000001d9110cf290 code [0x000001d9110cf440, 0x000001d9110cf5e8]
Event: 44.822 Thread 0x000001d926841b50 8322       2       org.eclipse.jdt.internal.compiler.classfmt.FieldInfo::getTypeName (49 bytes)
Event: 44.823 Thread 0x000001d926841b50 nmethod 8322 0x000001d9110ceb90 code [0x000001d9110ced60, 0x000001d9110cf028]
Event: 44.823 Thread 0x000001d9288b6610 nmethod 8312 0x000001d918268610 code [0x000001d918268800, 0x000001d918269728]
Event: 44.823 Thread 0x000001d9288b6610 8261       4       java.util.Arrays::equals (43 bytes)
Event: 44.826 Thread 0x000001d9288b6610 nmethod 8261 0x000001d918268190 code [0x000001d918268300, 0x000001d9182684b8]
Event: 44.826 Thread 0x000001d9288b6610 8324       4       org.eclipse.jdt.internal.core.util.SimpleWordSet::add (81 bytes)
Event: 44.828 Thread 0x000001d926841b50 8325       3       org.eclipse.jdt.core.compiler.CharOperation::splitOn (150 bytes)
Event: 44.828 Thread 0x000001d926841b50 nmethod 8325 0x000001d9110cdb90 code [0x000001d9110cdda0, 0x000001d9110ce818]
Event: 44.830 Thread 0x000001d926841b50 8326       2       org.eclipse.jdt.internal.compiler.classfmt.ClassFileReader::isNestedType (11 bytes)
Event: 44.830 Thread 0x000001d926841b50 nmethod 8326 0x000001d9110cd810 code [0x000001d9110cd9a0, 0x000001d9110cdad8]

GC Heap History (20 events):
Event: 42.646 GC heap before
{Heap before GC invocations=33 (full 3):
 PSYoungGen      total 21504K, used 19840K [0x00000000eab00000, 0x00000000ec500000, 0x0000000100000000)
  eden space 19456K, 100% used [0x00000000eab00000,0x00000000ebe00000,0x00000000ebe00000)
  from space 2048K, 18% used [0x00000000ec180000,0x00000000ec1e0000,0x00000000ec380000)
  to   space 1024K, 0% used [0x00000000ec400000,0x00000000ec400000,0x00000000ec500000)
 ParOldGen       total 68608K, used 38043K [0x00000000c0000000, 0x00000000c4300000, 0x00000000eab00000)
  object space 68608K, 55% used [0x00000000c0000000,0x00000000c2526f68,0x00000000c4300000)
 Metaspace       used 63294K, committed 64384K, reserved 1114112K
  class space    used 7365K, committed 7808K, reserved 1048576K
}
Event: 42.647 GC heap after
{Heap after GC invocations=33 (full 3):
 PSYoungGen      total 19968K, used 480K [0x00000000eab00000, 0x00000000ec480000, 0x0000000100000000)
  eden space 19456K, 0% used [0x00000000eab00000,0x00000000eab00000,0x00000000ebe00000)
  from space 512K, 93% used [0x00000000ec400000,0x00000000ec478000,0x00000000ec480000)
  to   space 1024K, 0% used [0x00000000ec280000,0x00000000ec280000,0x00000000ec380000)
 ParOldGen       total 68608K, used 38259K [0x00000000c0000000, 0x00000000c4300000, 0x00000000eab00000)
  object space 68608K, 55% used [0x00000000c0000000,0x00000000c255cf68,0x00000000c4300000)
 Metaspace       used 63294K, committed 64384K, reserved 1114112K
  class space    used 7365K, committed 7808K, reserved 1048576K
}
Event: 43.077 GC heap before
{Heap before GC invocations=34 (full 3):
 PSYoungGen      total 19968K, used 19936K [0x00000000eab00000, 0x00000000ec480000, 0x0000000100000000)
  eden space 19456K, 100% used [0x00000000eab00000,0x00000000ebe00000,0x00000000ebe00000)
  from space 512K, 93% used [0x00000000ec400000,0x00000000ec478000,0x00000000ec480000)
  to   space 1024K, 0% used [0x00000000ec280000,0x00000000ec280000,0x00000000ec380000)
 ParOldGen       total 68608K, used 38259K [0x00000000c0000000, 0x00000000c4300000, 0x00000000eab00000)
  object space 68608K, 55% used [0x00000000c0000000,0x00000000c255cf68,0x00000000c4300000)
 Metaspace       used 63294K, committed 64384K, reserved 1114112K
  class space    used 7365K, committed 7808K, reserved 1048576K
}
Event: 43.078 GC heap after
{Heap after GC invocations=34 (full 3):
 PSYoungGen      total 20480K, used 224K [0x00000000eab00000, 0x00000000ec480000, 0x0000000100000000)
  eden space 19456K, 0% used [0x00000000eab00000,0x00000000eab00000,0x00000000ebe00000)
  from space 1024K, 21% used [0x00000000ec280000,0x00000000ec2b8000,0x00000000ec380000)
  to   space 512K, 0% used [0x00000000ec400000,0x00000000ec400000,0x00000000ec480000)
 ParOldGen       total 68608K, used 38571K [0x00000000c0000000, 0x00000000c4300000, 0x00000000eab00000)
  object space 68608K, 56% used [0x00000000c0000000,0x00000000c25aaf68,0x00000000c4300000)
 Metaspace       used 63294K, committed 64384K, reserved 1114112K
  class space    used 7365K, committed 7808K, reserved 1048576K
}
Event: 43.703 GC heap before
{Heap before GC invocations=35 (full 3):
 PSYoungGen      total 20480K, used 19680K [0x00000000eab00000, 0x00000000ec480000, 0x0000000100000000)
  eden space 19456K, 100% used [0x00000000eab00000,0x00000000ebe00000,0x00000000ebe00000)
  from space 1024K, 21% used [0x00000000ec280000,0x00000000ec2b8000,0x00000000ec380000)
  to   space 512K, 0% used [0x00000000ec400000,0x00000000ec400000,0x00000000ec480000)
 ParOldGen       total 68608K, used 38571K [0x00000000c0000000, 0x00000000c4300000, 0x00000000eab00000)
  object space 68608K, 56% used [0x00000000c0000000,0x00000000c25aaf68,0x00000000c4300000)
 Metaspace       used 63306K, committed 64384K, reserved 1114112K
  class space    used 7366K, committed 7808K, reserved 1048576K
}
Event: 43.703 GC heap after
{Heap after GC invocations=35 (full 3):
 PSYoungGen      total 19968K, used 224K [0x00000000eab00000, 0x00000000ec480000, 0x0000000100000000)
  eden space 19456K, 0% used [0x00000000eab00000,0x00000000eab00000,0x00000000ebe00000)
  from space 512K, 43% used [0x00000000ec400000,0x00000000ec438000,0x00000000ec480000)
  to   space 512K, 0% used [0x00000000ec380000,0x00000000ec380000,0x00000000ec400000)
 ParOldGen       total 68608K, used 38603K [0x00000000c0000000, 0x00000000c4300000, 0x00000000eab00000)
  object space 68608K, 56% used [0x00000000c0000000,0x00000000c25b2f68,0x00000000c4300000)
 Metaspace       used 63306K, committed 64384K, reserved 1114112K
  class space    used 7366K, committed 7808K, reserved 1048576K
}
Event: 44.078 GC heap before
{Heap before GC invocations=36 (full 3):
 PSYoungGen      total 19968K, used 19680K [0x00000000eab00000, 0x00000000ec480000, 0x0000000100000000)
  eden space 19456K, 100% used [0x00000000eab00000,0x00000000ebe00000,0x00000000ebe00000)
  from space 512K, 43% used [0x00000000ec400000,0x00000000ec438000,0x00000000ec480000)
  to   space 512K, 0% used [0x00000000ec380000,0x00000000ec380000,0x00000000ec400000)
 ParOldGen       total 68608K, used 38603K [0x00000000c0000000, 0x00000000c4300000, 0x00000000eab00000)
  object space 68608K, 56% used [0x00000000c0000000,0x00000000c25b2f68,0x00000000c4300000)
 Metaspace       used 64942K, committed 66112K, reserved 1114112K
  class space    used 7533K, committed 8000K, reserved 1048576K
}
Event: 44.080 GC heap after
{Heap after GC invocations=36 (full 3):
 PSYoungGen      total 19968K, used 503K [0x00000000eab00000, 0x00000000ec480000, 0x0000000100000000)
  eden space 19456K, 0% used [0x00000000eab00000,0x00000000eab00000,0x00000000ebe00000)
  from space 512K, 98% used [0x00000000ec380000,0x00000000ec3fdfc8,0x00000000ec400000)
  to   space 512K, 0% used [0x00000000ec400000,0x00000000ec400000,0x00000000ec480000)
 ParOldGen       total 68608K, used 39175K [0x00000000c0000000, 0x00000000c4300000, 0x00000000eab00000)
  object space 68608K, 57% used [0x00000000c0000000,0x00000000c2641f98,0x00000000c4300000)
 Metaspace       used 64942K, committed 66112K, reserved 1114112K
  class space    used 7533K, committed 8000K, reserved 1048576K
}
Event: 44.235 GC heap before
{Heap before GC invocations=37 (full 3):
 PSYoungGen      total 19968K, used 19959K [0x00000000eab00000, 0x00000000ec480000, 0x0000000100000000)
  eden space 19456K, 100% used [0x00000000eab00000,0x00000000ebe00000,0x00000000ebe00000)
  from space 512K, 98% used [0x00000000ec380000,0x00000000ec3fdfc8,0x00000000ec400000)
  to   space 512K, 0% used [0x00000000ec400000,0x00000000ec400000,0x00000000ec480000)
 ParOldGen       total 68608K, used 39175K [0x00000000c0000000, 0x00000000c4300000, 0x00000000eab00000)
  object space 68608K, 57% used [0x00000000c0000000,0x00000000c2641f98,0x00000000c4300000)
 Metaspace       used 65600K, committed 66752K, reserved 1114112K
  class space    used 7614K, committed 8064K, reserved 1048576K
}
Event: 44.237 GC heap after
{Heap after GC invocations=37 (full 3):
 PSYoungGen      total 19968K, used 480K [0x00000000eab00000, 0x00000000ec480000, 0x0000000100000000)
  eden space 19456K, 0% used [0x00000000eab00000,0x00000000eab00000,0x00000000ebe00000)
  from space 512K, 93% used [0x00000000ec400000,0x00000000ec478010,0x00000000ec480000)
  to   space 2560K, 0% used [0x00000000ebf80000,0x00000000ebf80000,0x00000000ec200000)
 ParOldGen       total 68608K, used 40923K [0x00000000c0000000, 0x00000000c4300000, 0x00000000eab00000)
  object space 68608K, 59% used [0x00000000c0000000,0x00000000c27f6d88,0x00000000c4300000)
 Metaspace       used 65600K, committed 66752K, reserved 1114112K
  class space    used 7614K, committed 8064K, reserved 1048576K
}
Event: 44.330 GC heap before
{Heap before GC invocations=38 (full 3):
 PSYoungGen      total 19968K, used 19936K [0x00000000eab00000, 0x00000000ec480000, 0x0000000100000000)
  eden space 19456K, 100% used [0x00000000eab00000,0x00000000ebe00000,0x00000000ebe00000)
  from space 512K, 93% used [0x00000000ec400000,0x00000000ec478010,0x00000000ec480000)
  to   space 2560K, 0% used [0x00000000ebf80000,0x00000000ebf80000,0x00000000ec200000)
 ParOldGen       total 68608K, used 40923K [0x00000000c0000000, 0x00000000c4300000, 0x00000000eab00000)
  object space 68608K, 59% used [0x00000000c0000000,0x00000000c27f6d88,0x00000000c4300000)
 Metaspace       used 65662K, committed 66816K, reserved 1114112K
  class space    used 7615K, committed 8064K, reserved 1048576K
}
Event: 44.332 GC heap after
{Heap after GC invocations=38 (full 3):
 PSYoungGen      total 22016K, used 1952K [0x00000000eab00000, 0x00000000ec480000, 0x0000000100000000)
  eden space 19456K, 0% used [0x00000000eab00000,0x00000000eab00000,0x00000000ebe00000)
  from space 2560K, 76% used [0x00000000ebf80000,0x00000000ec168000,0x00000000ec200000)
  to   space 2048K, 0% used [0x00000000ec280000,0x00000000ec280000,0x00000000ec480000)
 ParOldGen       total 68608K, used 41443K [0x00000000c0000000, 0x00000000c4300000, 0x00000000eab00000)
  object space 68608K, 60% used [0x00000000c0000000,0x00000000c2878da8,0x00000000c4300000)
 Metaspace       used 65662K, committed 66816K, reserved 1114112K
  class space    used 7615K, committed 8064K, reserved 1048576K
}
Event: 44.569 GC heap before
{Heap before GC invocations=39 (full 3):
 PSYoungGen      total 22016K, used 21408K [0x00000000eab00000, 0x00000000ec480000, 0x0000000100000000)
  eden space 19456K, 100% used [0x00000000eab00000,0x00000000ebe00000,0x00000000ebe00000)
  from space 2560K, 76% used [0x00000000ebf80000,0x00000000ec168000,0x00000000ec200000)
  to   space 2048K, 0% used [0x00000000ec280000,0x00000000ec280000,0x00000000ec480000)
 ParOldGen       total 68608K, used 41443K [0x00000000c0000000, 0x00000000c4300000, 0x00000000eab00000)
  object space 68608K, 60% used [0x00000000c0000000,0x00000000c2878da8,0x00000000c4300000)
 Metaspace       used 65932K, committed 67072K, reserved 1114112K
  class space    used 7640K, committed 8128K, reserved 1048576K
}
Event: 44.571 GC heap after
{Heap after GC invocations=39 (full 3):
 PSYoungGen      total 21504K, used 1920K [0x00000000eab00000, 0x00000000ec480000, 0x0000000100000000)
  eden space 19456K, 0% used [0x00000000eab00000,0x00000000eab00000,0x00000000ebe00000)
  from space 2048K, 93% used [0x00000000ec280000,0x00000000ec460010,0x00000000ec480000)
  to   space 2048K, 0% used [0x00000000ec080000,0x00000000ec080000,0x00000000ec280000)
 ParOldGen       total 68608K, used 43051K [0x00000000c0000000, 0x00000000c4300000, 0x00000000eab00000)
  object space 68608K, 62% used [0x00000000c0000000,0x00000000c2a0ada8,0x00000000c4300000)
 Metaspace       used 65932K, committed 67072K, reserved 1114112K
  class space    used 7640K, committed 8128K, reserved 1048576K
}
Event: 44.698 GC heap before
{Heap before GC invocations=40 (full 3):
 PSYoungGen      total 21504K, used 21376K [0x00000000eab00000, 0x00000000ec480000, 0x0000000100000000)
  eden space 19456K, 100% used [0x00000000eab00000,0x00000000ebe00000,0x00000000ebe00000)
  from space 2048K, 93% used [0x00000000ec280000,0x00000000ec460010,0x00000000ec480000)
  to   space 2048K, 0% used [0x00000000ec080000,0x00000000ec080000,0x00000000ec280000)
 ParOldGen       total 68608K, used 43051K [0x00000000c0000000, 0x00000000c4300000, 0x00000000eab00000)
  object space 68608K, 62% used [0x00000000c0000000,0x00000000c2a0ada8,0x00000000c4300000)
 Metaspace       used 66870K, committed 68032K, reserved 1114112K
  class space    used 7737K, committed 8192K, reserved 1048576K
}
Event: 44.700 GC heap after
{Heap after GC invocations=40 (full 3):
 PSYoungGen      total 21504K, used 1917K [0x00000000eab00000, 0x00000000ec300000, 0x0000000100000000)
  eden space 19456K, 0% used [0x00000000eab00000,0x00000000eab00000,0x00000000ebe00000)
  from space 2048K, 93% used [0x00000000ec080000,0x00000000ec25f540,0x00000000ec280000)
  to   space 512K, 0% used [0x00000000ec280000,0x00000000ec280000,0x00000000ec300000)
 ParOldGen       total 68608K, used 44407K [0x00000000c0000000, 0x00000000c4300000, 0x00000000eab00000)
  object space 68608K, 64% used [0x00000000c0000000,0x00000000c2b5dcb8,0x00000000c4300000)
 Metaspace       used 66870K, committed 68032K, reserved 1114112K
  class space    used 7737K, committed 8192K, reserved 1048576K
}
Event: 44.754 GC heap before
{Heap before GC invocations=41 (full 3):
 PSYoungGen      total 21504K, used 21373K [0x00000000eab00000, 0x00000000ec300000, 0x0000000100000000)
  eden space 19456K, 100% used [0x00000000eab00000,0x00000000ebe00000,0x00000000ebe00000)
  from space 2048K, 93% used [0x00000000ec080000,0x00000000ec25f540,0x00000000ec280000)
  to   space 512K, 0% used [0x00000000ec280000,0x00000000ec280000,0x00000000ec300000)
 ParOldGen       total 68608K, used 44407K [0x00000000c0000000, 0x00000000c4300000, 0x00000000eab00000)
  object space 68608K, 64% used [0x00000000c0000000,0x00000000c2b5dcb8,0x00000000c4300000)
 Metaspace       used 66894K, committed 68096K, reserved 1114112K
  class space    used 7737K, committed 8192K, reserved 1048576K
}
Event: 44.756 GC heap after
{Heap after GC invocations=41 (full 3):
 PSYoungGen      total 19968K, used 512K [0x00000000eab00000, 0x00000000ec600000, 0x0000000100000000)
  eden space 19456K, 0% used [0x00000000eab00000,0x00000000eab00000,0x00000000ebe00000)
  from space 512K, 100% used [0x00000000ec280000,0x00000000ec300000,0x00000000ec300000)
  to   space 4096K, 0% used [0x00000000ebe00000,0x00000000ebe00000,0x00000000ec200000)
 ParOldGen       total 68608K, used 47651K [0x00000000c0000000, 0x00000000c4300000, 0x00000000eab00000)
  object space 68608K, 69% used [0x00000000c0000000,0x00000000c2e88c78,0x00000000c4300000)
 Metaspace       used 66894K, committed 68096K, reserved 1114112K
  class space    used 7737K, committed 8192K, reserved 1048576K
}
Event: 44.802 GC heap before
{Heap before GC invocations=42 (full 3):
 PSYoungGen      total 19968K, used 19968K [0x00000000eab00000, 0x00000000ec600000, 0x0000000100000000)
  eden space 19456K, 100% used [0x00000000eab00000,0x00000000ebe00000,0x00000000ebe00000)
  from space 512K, 100% used [0x00000000ec280000,0x00000000ec300000,0x00000000ec300000)
  to   space 4096K, 0% used [0x00000000ebe00000,0x00000000ebe00000,0x00000000ec200000)
 ParOldGen       total 68608K, used 47651K [0x00000000c0000000, 0x00000000c4300000, 0x00000000eab00000)
  object space 68608K, 69% used [0x00000000c0000000,0x00000000c2e88c78,0x00000000c4300000)
 Metaspace       used 66915K, committed 68096K, reserved 1114112K
  class space    used 7739K, committed 8192K, reserved 1048576K
}
Event: 44.804 GC heap after
{Heap after GC invocations=42 (full 3):
 PSYoungGen      total 22016K, used 2336K [0x00000000eab00000, 0x00000000ec400000, 0x0000000100000000)
  eden space 19456K, 0% used [0x00000000eab00000,0x00000000eab00000,0x00000000ebe00000)
  from space 2560K, 91% used [0x00000000ebe00000,0x00000000ec048000,0x00000000ec080000)
  to   space 3072K, 0% used [0x00000000ec100000,0x00000000ec100000,0x00000000ec400000)
 ParOldGen       total 68608K, used 48203K [0x00000000c0000000, 0x00000000c4300000, 0x00000000eab00000)
  object space 68608K, 70% used [0x00000000c0000000,0x00000000c2f12c78,0x00000000c4300000)
 Metaspace       used 66915K, committed 68096K, reserved 1114112K
  class space    used 7739K, committed 8192K, reserved 1048576K
}

Dll operation events (15 events):
Event: 0.008 Loaded shared library c:\Users\euros\.vscode\extensions\redhat.java-1.33.0-win32-x64\jre\17.0.11-win32-x86_64\bin\java.dll
Event: 0.150 Loaded shared library c:\Users\euros\.vscode\extensions\redhat.java-1.33.0-win32-x64\jre\17.0.11-win32-x86_64\bin\zip.dll
Event: 0.152 Loaded shared library C:\Users\euros\.vscode\extensions\redhat.java-1.33.0-win32-x64\jre\17.0.11-win32-x86_64\bin\instrument.dll
Event: 0.165 Loaded shared library C:\Users\euros\.vscode\extensions\redhat.java-1.33.0-win32-x64\jre\17.0.11-win32-x86_64\bin\net.dll
Event: 0.168 Loaded shared library C:\Users\euros\.vscode\extensions\redhat.java-1.33.0-win32-x64\jre\17.0.11-win32-x86_64\bin\nio.dll
Event: 0.175 Loaded shared library C:\Users\euros\.vscode\extensions\redhat.java-1.33.0-win32-x64\jre\17.0.11-win32-x86_64\bin\zip.dll
Event: 0.190 Loaded shared library C:\Users\euros\.vscode\extensions\redhat.java-1.33.0-win32-x64\jre\17.0.11-win32-x86_64\bin\jimage.dll
Event: 0.255 Loaded shared library c:\Users\euros\.vscode\extensions\redhat.java-1.33.0-win32-x64\jre\17.0.11-win32-x86_64\bin\verify.dll
Event: 4.063 Loaded shared library C:\Users\euros\AppData\Roaming\Code\User\globalStorage\redhat.java\1.33.0\config_win\org.eclipse.equinox.launcher\org.eclipse.equinox.launcher.win32.win32.x86_64_1.2.1100.v20240722-2106\eclipse_11904.dll
Event: 10.790 Loaded shared library C:\Users\euros\AppData\Local\Temp\jna-96874278\jna2196137195369418121.dll
Event: 22.582 Loaded shared library C:\Users\euros\.gradle\native\c067742578af261105cb4f569cf0c3c89f3d7b1fecec35dd04571415982c5e48\windows-amd64\native-platform.dll
Event: 23.829 Loaded shared library C:\Users\euros\.vscode\extensions\redhat.java-1.33.0-win32-x64\jre\17.0.11-win32-x86_64\bin\management.dll
Event: 23.831 Loaded shared library C:\Users\euros\.vscode\extensions\redhat.java-1.33.0-win32-x64\jre\17.0.11-win32-x86_64\bin\management_ext.dll
Event: 24.308 Loaded shared library C:\Users\euros\.vscode\extensions\redhat.java-1.33.0-win32-x64\jre\17.0.11-win32-x86_64\bin\extnet.dll
Event: 26.059 Loaded shared library C:\Users\euros\.vscode\extensions\redhat.java-1.33.0-win32-x64\jre\17.0.11-win32-x86_64\bin\sunmscapi.dll

Deoptimization events (20 events):
Event: 44.778 Thread 0x000001d9282197d0 DEOPT PACKING pc=0x000001d9180e9b88 sp=0x0000000256cfdd90
Event: 44.778 Thread 0x000001d9282197d0 DEOPT UNPACKING pc=0x000001d917a066a3 sp=0x0000000256cfdd40 mode 2
Event: 44.778 Thread 0x000001d9282197d0 Uncommon trap: trap_request=0xffffffbe fr.pc=0x000001d9180e9b88 relative=0x00000000000006c8
Event: 44.778 Thread 0x000001d9282197d0 Uncommon trap: reason=profile_predicate action=maybe_recompile pc=0x000001d9180e9b88 method=org.eclipse.jdt.internal.core.util.HashtableOfArrayToObject.getKey([Ljava/lang/Object;I)[Ljava/lang/Object; @ 61 c2
Event: 44.779 Thread 0x000001d9282197d0 DEOPT PACKING pc=0x000001d9180e9b88 sp=0x0000000256cfdd60
Event: 44.779 Thread 0x000001d9282197d0 DEOPT UNPACKING pc=0x000001d917a066a3 sp=0x0000000256cfdd10 mode 2
Event: 44.779 Thread 0x000001d92821a1f0 DEOPT PACKING pc=0x000001d91049b608 sp=0x00000002572fe680
Event: 44.780 Thread 0x000001d92821a1f0 DEOPT UNPACKING pc=0x000001d917a06e43 sp=0x00000002572fdb08 mode 0
Event: 44.811 Thread 0x000001d9282197d0 Uncommon trap: trap_request=0xffffffbe fr.pc=0x000001d91816bbc8 relative=0x0000000000000608
Event: 44.811 Thread 0x000001d9282197d0 Uncommon trap: reason=profile_predicate action=maybe_recompile pc=0x000001d91816bbc8 method=org.eclipse.jdt.internal.core.util.HashtableOfArrayToObject.get([Ljava/lang/Object;)Ljava/lang/Object; @ 64 c2
Event: 44.811 Thread 0x000001d9282197d0 DEOPT PACKING pc=0x000001d91816bbc8 sp=0x0000000256cfdd90
Event: 44.811 Thread 0x000001d9282197d0 DEOPT UNPACKING pc=0x000001d917a066a3 sp=0x0000000256cfdd40 mode 2
Event: 44.824 Thread 0x000001d92821a1f0 Uncommon trap: trap_request=0xffffff6e fr.pc=0x000001d9182695b8 relative=0x0000000000000db8
Event: 44.824 Thread 0x000001d92821a1f0 Uncommon trap: reason=loop_limit_check action=maybe_recompile pc=0x000001d9182695b8 method=org.eclipse.jdt.internal.core.util.SimpleWordSet.rehash()V @ 44 c2
Event: 44.824 Thread 0x000001d92821a1f0 DEOPT PACKING pc=0x000001d9182695b8 sp=0x00000002572fe490
Event: 44.824 Thread 0x000001d92821a1f0 DEOPT UNPACKING pc=0x000001d917a066a3 sp=0x00000002572fe3d0 mode 2
Event: 44.827 Thread 0x000001d92821a1f0 DEOPT PACKING pc=0x000001d910e6c863 sp=0x00000002572fe320
Event: 44.827 Thread 0x000001d92821a1f0 DEOPT UNPACKING pc=0x000001d917a06e43 sp=0x00000002572fd858 mode 0
Event: 44.828 Thread 0x000001d92821a1f0 DEOPT PACKING pc=0x000001d910563b25 sp=0x00000002572fe650
Event: 44.828 Thread 0x000001d92821a1f0 DEOPT UNPACKING pc=0x000001d917a06e43 sp=0x00000002572fdaf8 mode 0

Classes unloaded (14 events):
Event: 12.385 Thread 0x000001d90d88baf0 Unloading class 0x0000000100252400 'java/lang/invoke/LambdaForm$MH+0x0000000100252400'
Event: 12.385 Thread 0x000001d90d88baf0 Unloading class 0x0000000100252000 'java/lang/invoke/LambdaForm$MH+0x0000000100252000'
Event: 12.385 Thread 0x000001d90d88baf0 Unloading class 0x0000000100251c00 'java/lang/invoke/LambdaForm$MH+0x0000000100251c00'
Event: 12.385 Thread 0x000001d90d88baf0 Unloading class 0x0000000100251800 'java/lang/invoke/LambdaForm$MH+0x0000000100251800'
Event: 12.385 Thread 0x000001d90d88baf0 Unloading class 0x0000000100251400 'java/lang/invoke/LambdaForm$BMH+0x0000000100251400'
Event: 12.385 Thread 0x000001d90d88baf0 Unloading class 0x0000000100251000 'java/lang/invoke/LambdaForm$DMH+0x0000000100251000'
Event: 12.385 Thread 0x000001d90d88baf0 Unloading class 0x000000010024c400 'java/lang/invoke/LambdaForm$DMH+0x000000010024c400'
Event: 23.916 Thread 0x000001d90d88baf0 Unloading class 0x0000000100458400 'java/lang/invoke/LambdaForm$MH+0x0000000100458400'
Event: 23.916 Thread 0x000001d90d88baf0 Unloading class 0x0000000100457800 'java/lang/invoke/LambdaForm$MH+0x0000000100457800'
Event: 23.916 Thread 0x000001d90d88baf0 Unloading class 0x0000000100457400 'java/lang/invoke/LambdaForm$MH+0x0000000100457400'
Event: 23.916 Thread 0x000001d90d88baf0 Unloading class 0x0000000100456800 'java/lang/invoke/LambdaForm$MH+0x0000000100456800'
Event: 23.916 Thread 0x000001d90d88baf0 Unloading class 0x0000000100456400 'java/lang/invoke/LambdaForm$DMH+0x0000000100456400'
Event: 23.916 Thread 0x000001d90d88baf0 Unloading class 0x0000000100455c00 'java/lang/invoke/LambdaForm$MH+0x0000000100455c00'
Event: 23.916 Thread 0x000001d90d88baf0 Unloading class 0x0000000100455000 'java/lang/invoke/LambdaForm$MH+0x0000000100455000'

Classes redefined (0 events):
No events

Internal exceptions (20 events):
Event: 43.941 Thread 0x000001d9282197d0 Exception <a 'sun/nio/fs/WindowsException'{0x00000000eb604670}> (0x00000000eb604670) 
thrown [s\src\hotspot\share\prims\jni.cpp, line 516]
Event: 43.941 Thread 0x000001d9282197d0 Exception <a 'sun/nio/fs/WindowsException'{0x00000000eb605038}> (0x00000000eb605038) 
thrown [s\src\hotspot\share\prims\jni.cpp, line 516]
Event: 43.949 Thread 0x000001d9282197d0 Exception <a 'sun/nio/fs/WindowsException'{0x00000000eb661070}> (0x00000000eb661070) 
thrown [s\src\hotspot\share\prims\jni.cpp, line 516]
Event: 43.949 Thread 0x000001d9282197d0 Exception <a 'sun/nio/fs/WindowsException'{0x00000000eb661a38}> (0x00000000eb661a38) 
thrown [s\src\hotspot\share\prims\jni.cpp, line 516]
Event: 43.951 Thread 0x000001d9282197d0 Exception <a 'sun/nio/fs/WindowsException'{0x00000000eb66d380}> (0x00000000eb66d380) 
thrown [s\src\hotspot\share\prims\jni.cpp, line 516]
Event: 43.951 Thread 0x000001d9282197d0 Exception <a 'sun/nio/fs/WindowsException'{0x00000000eb66dd48}> (0x00000000eb66dd48) 
thrown [s\src\hotspot\share\prims\jni.cpp, line 516]
Event: 43.965 Thread 0x000001d92821bb40 Exception <a 'java/lang/NoSuchMethodError'{0x00000000eb7a88b8}: 'java.lang.Object java.lang.invoke.DirectMethodHandle$Holder.invokeInterface(java.lang.Object, java.lang.Object, java.lang.Object)'> (0x00000000eb7a88b8) 
thrown [s\src\hotspot\share\interpreter\linkResolver.cpp, line 759]
Event: 43.999 Thread 0x000001d9282197d0 Exception <a 'java/lang/NoSuchMethodError'{0x00000000eb9931c0}: 'java.lang.Object java.lang.invoke.Invokers$Holder.invoke_MT(java.lang.Object, java.lang.Object, java.lang.Object)'> (0x00000000eb9931c0) 
thrown [s\src\hotspot\share\interpreter\linkResolver.cpp, line 759]
Event: 44.224 Thread 0x000001d9282197d0 Exception <a 'java/io/FileNotFoundException'{0x00000000ebd0b598}> (0x00000000ebd0b598) 
thrown [s\src\hotspot\share\prims\jni.cpp, line 516]
Event: 44.225 Thread 0x000001d9282197d0 Exception <a 'java/io/FileNotFoundException'{0x00000000ebd0cae0}> (0x00000000ebd0cae0) 
thrown [s\src\hotspot\share\prims\jni.cpp, line 516]
Event: 44.369 Thread 0x000001d9282197d0 Exception <a 'java/io/FileNotFoundException'{0x00000000eb35f1b0}> (0x00000000eb35f1b0) 
thrown [s\src\hotspot\share\prims\jni.cpp, line 516]
Event: 44.369 Thread 0x000001d9282197d0 Exception <a 'java/io/FileNotFoundException'{0x00000000eb35ff60}> (0x00000000eb35ff60) 
thrown [s\src\hotspot\share\prims\jni.cpp, line 516]
Event: 44.376 Thread 0x000001d9282197d0 Exception <a 'sun/nio/fs/WindowsException'{0x00000000eb3bd600}> (0x00000000eb3bd600) 
thrown [s\src\hotspot\share\prims\jni.cpp, line 516]
Event: 44.376 Thread 0x000001d9282197d0 Exception <a 'sun/nio/fs/WindowsException'{0x00000000eb3bdd20}> (0x00000000eb3bdd20) 
thrown [s\src\hotspot\share\prims\jni.cpp, line 516]
Event: 44.391 Thread 0x000001d9282197d0 Exception <a 'sun/nio/fs/WindowsException'{0x00000000eb4671a0}> (0x00000000eb4671a0) 
thrown [s\src\hotspot\share\prims\jni.cpp, line 516]
Event: 44.391 Thread 0x000001d9282197d0 Exception <a 'sun/nio/fs/WindowsException'{0x00000000eb467b68}> (0x00000000eb467b68) 
thrown [s\src\hotspot\share\prims\jni.cpp, line 516]
Event: 44.568 Thread 0x000001d9282197d0 Exception <a 'java/io/FileNotFoundException'{0x00000000ebddba98}> (0x00000000ebddba98) 
thrown [s\src\hotspot\share\prims\jni.cpp, line 516]
Event: 44.613 Thread 0x000001d9282197d0 Exception <a 'java/io/FileNotFoundException'{0x00000000eadb7ab0}> (0x00000000eadb7ab0) 
thrown [s\src\hotspot\share\prims\jni.cpp, line 516]
Event: 44.625 Thread 0x000001d9282197d0 Exception <a 'sun/nio/fs/WindowsException'{0x00000000eaf4eda0}> (0x00000000eaf4eda0) 
thrown [s\src\hotspot\share\prims\jni.cpp, line 516]
Event: 44.625 Thread 0x000001d9282197d0 Exception <a 'sun/nio/fs/WindowsException'{0x00000000eaf4f768}> (0x00000000eaf4f768) 
thrown [s\src\hotspot\share\prims\jni.cpp, line 516]

VM Operations (20 events):
Event: 44.013 Executing VM operation: HandshakeAllThreads
Event: 44.013 Executing VM operation: HandshakeAllThreads done
Event: 44.015 Executing VM operation: HandshakeAllThreads
Event: 44.015 Executing VM operation: HandshakeAllThreads done
Event: 44.047 Executing VM operation: HandshakeAllThreads
Event: 44.047 Executing VM operation: HandshakeAllThreads done
Event: 44.078 Executing VM operation: ParallelGCFailedAllocation
Event: 44.080 Executing VM operation: ParallelGCFailedAllocation done
Event: 44.235 Executing VM operation: ParallelGCFailedAllocation
Event: 44.237 Executing VM operation: ParallelGCFailedAllocation done
Event: 44.330 Executing VM operation: ParallelGCFailedAllocation
Event: 44.332 Executing VM operation: ParallelGCFailedAllocation done
Event: 44.569 Executing VM operation: ParallelGCFailedAllocation
Event: 44.573 Executing VM operation: ParallelGCFailedAllocation done
Event: 44.698 Executing VM operation: ParallelGCFailedAllocation
Event: 44.700 Executing VM operation: ParallelGCFailedAllocation done
Event: 44.754 Executing VM operation: ParallelGCFailedAllocation
Event: 44.757 Executing VM operation: ParallelGCFailedAllocation done
Event: 44.802 Executing VM operation: ParallelGCFailedAllocation
Event: 44.805 Executing VM operation: ParallelGCFailedAllocation done

Events (20 events):
Event: 44.452 loading class sun/nio/cs/ThreadLocalCoders done
Event: 44.452 loading class sun/nio/cs/ThreadLocalCoders$1
Event: 44.453 loading class sun/nio/cs/ThreadLocalCoders$Cache
Event: 44.453 loading class sun/nio/cs/ThreadLocalCoders$Cache done
Event: 44.453 loading class sun/nio/cs/ThreadLocalCoders$1 done
Event: 44.453 loading class sun/nio/cs/ThreadLocalCoders$2
Event: 44.453 loading class sun/nio/cs/ThreadLocalCoders$2 done
Event: 44.605 loading class java/lang/invoke/BoundMethodHandle$Species_LLLLLLLLLL
Event: 44.605 loading class java/lang/invoke/BoundMethodHandle$Species_LLLLLLLLLL done
Event: 44.607 loading class java/lang/invoke/BoundMethodHandle$Species_LLLLLLLLLLL
Event: 44.607 loading class java/lang/invoke/BoundMethodHandle$Species_LLLLLLLLLLL done
Event: 44.608 loading class java/lang/invoke/BoundMethodHandle$Species_LLLLLLLLLLLL
Event: 44.608 loading class java/lang/invoke/BoundMethodHandle$Species_LLLLLLLLLLLL done
Event: 44.609 loading class java/lang/invoke/BoundMethodHandle$Species_LLLLLLLLLLLLL
Event: 44.610 loading class java/lang/invoke/BoundMethodHandle$Species_LLLLLLLLLLLLL done
Event: 44.627 loading class java/util/WeakHashMap$KeyIterator
Event: 44.628 loading class java/util/WeakHashMap$KeyIterator done
Event: 44.636 Thread 0x000001d92ae7f6a0 Thread added: 0x000001d92ae7f6a0
Event: 44.644 loading class java/util/ArrayDeque$DeqSpliterator
Event: 44.645 loading class java/util/ArrayDeque$DeqSpliterator done


Dynamic libraries:
0x00007ff766160000 - 0x00007ff76616e000 	c:\Users\euros\.vscode\extensions\redhat.java-1.33.0-win32-x64\jre\17.0.11-win32-x86_64\bin\java.exe
0x00007ffee0210000 - 0x00007ffee0427000 	C:\Windows\SYSTEM32\ntdll.dll
0x00007ffee00f0000 - 0x00007ffee01b4000 	C:\Windows\System32\KERNEL32.DLL
0x00007ffedd7c0000 - 0x00007ffeddb6c000 	C:\Windows\System32\KERNELBASE.dll
0x00007ffed9bd0000 - 0x00007ffed9c67000 	C:\Windows\SYSTEM32\apphelp.dll
0x00007ffeddcc0000 - 0x00007ffedddd1000 	C:\Windows\System32\ucrtbase.dll
0x00007ffe617d0000 - 0x00007ffe617e7000 	c:\Users\euros\.vscode\extensions\redhat.java-1.33.0-win32-x64\jre\17.0.11-win32-x86_64\bin\jli.dll
0x00007ffe617b0000 - 0x00007ffe617cb000 	c:\Users\euros\.vscode\extensions\redhat.java-1.33.0-win32-x64\jre\17.0.11-win32-x86_64\bin\VCRUNTIME140.dll
0x00007ffede730000 - 0x00007ffede8de000 	C:\Windows\System32\USER32.dll
0x00007ffedd540000 - 0x00007ffedd566000 	C:\Windows\System32\win32u.dll
0x00007ffedc780000 - 0x00007ffedca13000 	C:\Windows\WinSxS\amd64_microsoft.windows.common-controls_6595b64144ccf1df_6.0.22621.3672_none_2713b9d173822955\COMCTL32.dll
0x00007ffede000000 - 0x00007ffede029000 	C:\Windows\System32\GDI32.dll
0x00007ffedfff0000 - 0x00007ffee0097000 	C:\Windows\System32\msvcrt.dll
0x00007ffeddba0000 - 0x00007ffeddcb9000 	C:\Windows\System32\gdi32full.dll
0x00007ffedd5e0000 - 0x00007ffedd67a000 	C:\Windows\System32\msvcp_win.dll
0x00007ffede4b0000 - 0x00007ffede4e1000 	C:\Windows\System32\IMM32.DLL
0x00007ffeb0c20000 - 0x00007ffeb0c2c000 	c:\Users\euros\.vscode\extensions\redhat.java-1.33.0-win32-x64\jre\17.0.11-win32-x86_64\bin\vcruntime140_1.dll
0x00007ffe61610000 - 0x00007ffe6169d000 	c:\Users\euros\.vscode\extensions\redhat.java-1.33.0-win32-x64\jre\17.0.11-win32-x86_64\bin\msvcp140.dll
0x00007ffe5d960000 - 0x00007ffe5e5c2000 	c:\Users\euros\.vscode\extensions\redhat.java-1.33.0-win32-x64\jre\17.0.11-win32-x86_64\bin\server\jvm.dll
0x00007ffedfc60000 - 0x00007ffedfd12000 	C:\Windows\System32\ADVAPI32.dll
0x00007ffedfbb0000 - 0x00007ffedfc58000 	C:\Windows\System32\sechost.dll
0x00007ffeddb70000 - 0x00007ffeddb98000 	C:\Windows\System32\bcrypt.dll
0x00007ffedf630000 - 0x00007ffedf745000 	C:\Windows\System32\RPCRT4.dll
0x00007ffedd080000 - 0x00007ffedd0cd000 	C:\Windows\SYSTEM32\POWRPROF.dll
0x00007ffed6590000 - 0x00007ffed65c4000 	C:\Windows\SYSTEM32\WINMM.dll
0x00007ffec1130000 - 0x00007ffec1139000 	C:\Windows\SYSTEM32\WSOCK32.dll
0x00007ffedf4d0000 - 0x00007ffedf541000 	C:\Windows\System32\WS2_32.dll
0x00007ffed3160000 - 0x00007ffed316a000 	C:\Windows\SYSTEM32\VERSION.dll
0x00007ffedcb50000 - 0x00007ffedcb63000 	C:\Windows\SYSTEM32\UMPDC.dll
0x00007ffedbc60000 - 0x00007ffedbc78000 	C:\Windows\SYSTEM32\kernel.appcore.dll
0x00007ffeb0f40000 - 0x00007ffeb0f4a000 	c:\Users\euros\.vscode\extensions\redhat.java-1.33.0-win32-x64\jre\17.0.11-win32-x86_64\bin\jimage.dll
0x00007ffedce40000 - 0x00007ffedd072000 	C:\Windows\SYSTEM32\DBGHELP.DLL
0x00007ffedf140000 - 0x00007ffedf4c8000 	C:\Windows\System32\combase.dll
0x00007ffedf900000 - 0x00007ffedf9d7000 	C:\Windows\System32\OLEAUT32.dll
0x00007ffedcd30000 - 0x00007ffedcd62000 	C:\Windows\SYSTEM32\dbgcore.DLL
0x00007ffedd680000 - 0x00007ffedd6fb000 	C:\Windows\System32\bcryptPrimitives.dll
0x00007ffe76b40000 - 0x00007ffe76b4e000 	c:\Users\euros\.vscode\extensions\redhat.java-1.33.0-win32-x64\jre\17.0.11-win32-x86_64\bin\instrument.dll
0x00007ffe62540000 - 0x00007ffe62565000 	c:\Users\euros\.vscode\extensions\redhat.java-1.33.0-win32-x64\jre\17.0.11-win32-x86_64\bin\java.dll
0x00007ffeb0ee0000 - 0x00007ffeb0ef8000 	c:\Users\euros\.vscode\extensions\redhat.java-1.33.0-win32-x64\jre\17.0.11-win32-x86_64\bin\zip.dll
0x00007ffede8e0000 - 0x00007ffedf13c000 	C:\Windows\System32\SHELL32.dll
0x00007ffedaa00000 - 0x00007ffedb2f7000 	C:\Windows\SYSTEM32\windows.storage.dll
0x00007ffeda8c0000 - 0x00007ffeda9ff000 	C:\Windows\SYSTEM32\wintypes.dll
0x00007ffede610000 - 0x00007ffede704000 	C:\Windows\System32\SHCORE.dll
0x00007ffedf550000 - 0x00007ffedf5ae000 	C:\Windows\System32\shlwapi.dll
0x00007ffedd470000 - 0x00007ffedd491000 	C:\Windows\SYSTEM32\profapi.dll
0x00007ffe76760000 - 0x00007ffe76779000 	C:\Users\euros\.vscode\extensions\redhat.java-1.33.0-win32-x64\jre\17.0.11-win32-x86_64\bin\net.dll
0x00007ffed7110000 - 0x00007ffed7246000 	C:\Windows\SYSTEM32\WINHTTP.dll
0x00007ffedc080000 - 0x00007ffedc0e9000 	C:\Windows\system32\mswsock.dll
0x00007ffe62fb0000 - 0x00007ffe62fc6000 	C:\Users\euros\.vscode\extensions\redhat.java-1.33.0-win32-x64\jre\17.0.11-win32-x86_64\bin\nio.dll
0x00007ffe69010000 - 0x00007ffe69020000 	c:\Users\euros\.vscode\extensions\redhat.java-1.33.0-win32-x64\jre\17.0.11-win32-x86_64\bin\verify.dll
0x00007ffe62220000 - 0x00007ffe62265000 	C:\Users\euros\AppData\Roaming\Code\User\globalStorage\redhat.java\1.33.0\config_win\org.eclipse.equinox.launcher\org.eclipse.equinox.launcher.win32.win32.x86_64_1.2.1100.v20240722-2106\eclipse_11904.dll
0x00007ffedf750000 - 0x00007ffedf8f5000 	C:\Windows\System32\ole32.dll
0x00007ffedd1d0000 - 0x00007ffedd1eb000 	C:\Windows\SYSTEM32\CRYPTSP.dll
0x00007ffedc3c0000 - 0x00007ffedc3f5000 	C:\Windows\system32\rsaenh.dll
0x00007ffedc0f0000 - 0x00007ffedc118000 	C:\Windows\SYSTEM32\USERENV.dll
0x00007ffedc490000 - 0x00007ffedc49c000 	C:\Windows\SYSTEM32\CRYPTBASE.dll
0x00007ffedb750000 - 0x00007ffedb77d000 	C:\Windows\SYSTEM32\IPHLPAPI.DLL
0x00007ffedf9e0000 - 0x00007ffedf9e9000 	C:\Windows\System32\NSI.dll
0x00007ffed7330000 - 0x00007ffed7349000 	C:\Windows\SYSTEM32\dhcpcsvc6.DLL
0x00007ffed7310000 - 0x00007ffed732f000 	C:\Windows\SYSTEM32\dhcpcsvc.DLL
0x00007ffedb780000 - 0x00007ffedb878000 	C:\Windows\SYSTEM32\DNSAPI.dll
0x00007ffea8250000 - 0x00007ffea8295000 	C:\Users\euros\AppData\Local\Temp\jna-96874278\jna2196137195369418121.dll
0x00007ffedf5b0000 - 0x00007ffedf5b8000 	C:\Windows\System32\PSAPI.DLL
0x00007ffe62f80000 - 0x00007ffe62fa7000 	C:\Users\euros\.gradle\native\c067742578af261105cb4f569cf0c3c89f3d7b1fecec35dd04571415982c5e48\windows-amd64\native-platform.dll
0x00007ffe877e0000 - 0x00007ffe877e9000 	C:\Users\euros\.vscode\extensions\redhat.java-1.33.0-win32-x64\jre\17.0.11-win32-x86_64\bin\management.dll
0x00007ffe877d0000 - 0x00007ffe877db000 	C:\Users\euros\.vscode\extensions\redhat.java-1.33.0-win32-x64\jre\17.0.11-win32-x86_64\bin\management_ext.dll
0x00007ffe76b80000 - 0x00007ffe76b89000 	C:\Users\euros\.vscode\extensions\redhat.java-1.33.0-win32-x64\jre\17.0.11-win32-x86_64\bin\extnet.dll
0x00007ffe877c0000 - 0x00007ffe877ce000 	C:\Users\euros\.vscode\extensions\redhat.java-1.33.0-win32-x64\jre\17.0.11-win32-x86_64\bin\sunmscapi.dll
0x00007ffeddde0000 - 0x00007ffeddf47000 	C:\Windows\System32\CRYPT32.dll
0x00007ffedc750000 - 0x00007ffedc77e000 	C:\Windows\SYSTEM32\ncrypt.dll
0x00007ffedc710000 - 0x00007ffedc747000 	C:\Windows\SYSTEM32\NTASN1.dll
0x00007ffe85160000 - 0x00007ffe85168000 	C:\Windows\system32\wshunix.dll

dbghelp: loaded successfully - version: 4.0.5 - missing functions: none
symbol engine: initialized successfully - sym options: 0x614 - pdb path: .;c:\Users\euros\.vscode\extensions\redhat.java-1.33.0-win32-x64\jre\17.0.11-win32-x86_64\bin;C:\Windows\SYSTEM32;C:\Windows\WinSxS\amd64_microsoft.windows.common-controls_6595b64144ccf1df_6.0.22621.3672_none_2713b9d173822955;c:\Users\euros\.vscode\extensions\redhat.java-1.33.0-win32-x64\jre\17.0.11-win32-x86_64\bin\server;C:\Users\euros\AppData\Roaming\Code\User\globalStorage\redhat.java\1.33.0\config_win\org.eclipse.equinox.launcher\org.eclipse.equinox.launcher.win32.win32.x86_64_1.2.1100.v20240722-2106;C:\Users\euros\AppData\Local\Temp\jna-96874278;C:\Users\euros\.gradle\native\c067742578af261105cb4f569cf0c3c89f3d7b1fecec35dd04571415982c5e48\windows-amd64

VM Arguments:
jvm_args: --add-modules=ALL-SYSTEM --add-opens=java.base/java.util=ALL-UNNAMED --add-opens=java.base/java.lang=ALL-UNNAMED --add-opens=java.base/sun.nio.fs=ALL-UNNAMED -Declipse.application=org.eclipse.jdt.ls.core.id1 -Dosgi.bundles.defaultStartLevel=4 -Declipse.product=org.eclipse.jdt.ls.core.product -Djava.import.generatesMetadataFilesAtProjectRoot=false -DDetectVMInstallationsJob.disabled=true -Dfile.encoding=utf8 -XX:+UseParallelGC -XX:GCTimeRatio=4 -XX:AdaptiveSizePolicyWeight=90 -Dsun.zip.disableMemoryMapping=true -Xmx1G -Xms100m -Xlog:disable -javaagent:c:\Users\euros\.vscode\extensions\redhat.java-1.33.0-win32-x64\lombok\lombok-1.18.33.jar -XX:+HeapDumpOnOutOfMemoryError -XX:HeapDumpPath=c:\Users\euros\AppData\Roaming\Code\User\workspaceStorage\7508fa4ae4f0ac66f54dc1d2b0b2b701\redhat.java -Daether.dependencyCollector.impl=bf 
java_command: c:\Users\euros\.vscode\extensions\redhat.java-1.33.0-win32-x64\server\plugins\org.eclipse.equinox.launcher_1.6.900.v20240613-2009.jar -configuration c:\Users\euros\AppData\Roaming\Code\User\globalStorage\redhat.java\1.33.0\config_win -data c:\Users\euros\AppData\Roaming\Code\User\workspaceStorage\7508fa4ae4f0ac66f54dc1d2b0b2b701\redhat.java\jdt_ws --pipe=\\.\pipe\lsp-69b9f4d0629e47922f66d876f477b3f4-sock
java_class_path (initial): c:\Users\euros\.vscode\extensions\redhat.java-1.33.0-win32-x64\server\plugins\org.eclipse.equinox.launcher_1.6.900.v20240613-2009.jar
Launcher Type: SUN_STANDARD

[Global flags]
    uintx AdaptiveSizePolicyWeight                 = 90                                        {product} {command line}
     intx CICompilerCount                          = 4                                         {product} {ergonomic}
    uintx GCTimeRatio                              = 4                                         {product} {command line}
     bool HeapDumpOnOutOfMemoryError               = true                                   {manageable} {command line}
    ccstr HeapDumpPath                             = c:\Users\euros\AppData\Roaming\Code\User\workspaceStorage\7508fa4ae4f0ac66f54dc1d2b0b2b701\redhat.java         {manageable} {command line}
   size_t InitialHeapSize                          = 104857600                                 {product} {command line}
   size_t MaxHeapSize                              = 1073741824                                {product} {command line}
   size_t MaxNewSize                               = 357564416                                 {product} {ergonomic}
   size_t MinHeapDeltaBytes                        = 524288                                    {product} {ergonomic}
   size_t MinHeapSize                              = 104857600                                 {product} {command line}
   size_t NewSize                                  = 34603008                                  {product} {ergonomic}
    uintx NonNMethodCodeHeapSize                   = 5839372                                {pd product} {ergonomic}
    uintx NonProfiledCodeHeapSize                  = 122909434                              {pd product} {ergonomic}
   size_t OldSize                                  = 70254592                                  {product} {ergonomic}
    uintx ProfiledCodeHeapSize                     = 122909434                              {pd product} {ergonomic}
    uintx ReservedCodeCacheSize                    = 251658240                              {pd product} {ergonomic}
     bool SegmentedCodeCache                       = true                                      {product} {ergonomic}
   size_t SoftMaxHeapSize                          = 1073741824                             {manageable} {ergonomic}
     bool UseCompressedClassPointers               = true                           {product lp64_product} {ergonomic}
     bool UseCompressedOops                        = true                           {product lp64_product} {ergonomic}
     bool UseLargePagesIndividualAllocation        = false                                  {pd product} {ergonomic}
     bool UseParallelGC                            = true                                      {product} {command line}

Logging:
Log output configuration:
 #0: stdout all=off uptime,level,tags
 #1: stderr all=off uptime,level,tags

Environment Variables:
JAVA_HOME=C:\Program Files\Eclipse Adoptium\jdk-17.0.11.9-hotspot\
PATH=C:\Program Files\Eclipse Adoptium\jdk-17.0.11.9-hotspot\bin;C:\Program Files\Common Files\Oracle\Java\javapath;C:\Program Files (x86)\Common Files\Oracle\Java\java8path;C:\Program Files (x86)\Common Files\Oracle\Java\javapath;C:\Users\euros\AppData\Local\Programs\Python\Python312\Scripts\;C:\Users\euros\AppData\Local\Programs\Python\Python312\;C:\Windows\system32;C:\Windows;C:\Windows\System32\Wbem;C:\Windows\System32\WindowsPowerShell\v1.0\;C:\Windows\System32\OpenSSH\;C:\Program Files\NVIDIA Corporation\NVIDIA NvDLISR;C:\Program Files\Microsoft SQL Server\150\Tools\Binn\;C:\Program Files\Microsoft SQL Server\Client SDK\ODBC\170\Tools\Binn\;C:\Program Files (x86)\NVIDIA Corporation\PhysX\Common;C:\Program Files\nodejs\;C:\ProgramData\chocolatey\bin;C:\xampp\php;C:\composer;C:\Program Files\dotnet\;C:\Program Files (x86)\Windows Kits\10\Windows Performance Toolkit\;C:\Program Files\Docker\Docker\resources\bin;C:\Program Files\Git\cmd;C:\Users\euros\AppData\Local\Android\Sdk\tools;C:\Users\euros\AppData\Local\Android\Sdk\platform-tools;C:\Users\euros\AppData\Local\Android\Sdk\cmdline-tools\bin;C:\Program Files\PowerShell\7\;C:\Program Files\Eclipse Adoptium\jdk-17.0.11.9-hotspot\bin;C:\Users\euros\AppData\Local\Microsoft\WindowsApps;C:\Users\euros\AppData\Local\Programs\Microsoft VS Code\bin;C:\Users\euros\AppData\Roaming\npm;C:\Users\euros\AppData\Roaming\Composer\vendor\bin;C:\Users\euros\.dotnet\tools;
USERNAME=euros
OS=Windows_NT
PROCESSOR_IDENTIFIER=AMD64 Family 23 Model 96 Stepping 1, AuthenticAMD
TMP=C:\Users\euros\AppData\Local\Temp
TEMP=C:\Users\euros\AppData\Local\Temp



Periodic native trim disabled


---------------  S Y S T E M  ---------------

OS:
 Windows 11 , 64 bit Build 22621 (10.0.22621.3672)
OS uptime: 0 days 0:12 hours
Hyper-V role detected

CPU: total 12 (initial active 12) (12 cores per cpu, 2 threads per core) family 23 model 96 stepping 1 microcode 0x0, cx8, cmov, fxsr, ht, mmx, 3dnowpref, sse, sse2, sse3, ssse3, sse4a, sse4.1, sse4.2, popcnt, lzcnt, tsc, tscinvbit, avx, avx2, aes, clmul, bmi1, bmi2, adx, sha, fma, vzeroupper, clflush, clflushopt, hv
Processor Information for all 12 processors :
  Max Mhz: 3600, Current Mhz: 3600, Mhz Limit: 3600

Memory: 4k page, system-wide physical 49019M (38801M free)
TotalPageFile size 52091M (AvailPageFile size 40204M)
current process WorkingSet (physical memory assigned to process): 292M, peak: 292M
current process commit charge ("private bytes"): 359M, peak: 369M

vm_info: OpenJDK 64-Bit Server VM (17.0.11+9) for windows-amd64 JRE (17.0.11+9), built on Apr 17 2024 06:07:48 by "admin" with MS VC++ 16.10 / 16.11 (VS2019)

END.
