#
# A fatal error has been detected by the Java Runtime Environment:
#
#  EXCEPTION_ACCESS_VIOLATION (0xc0000005) at pc=0x00007ff9c5b53537, pid=17648, tid=8720
#
# JRE version: Java(TM) SE Runtime Environment (20.0.2+9) (build 20.0.2+9-78)
# Java VM: Java HotSpot(TM) 64-Bit Server VM (20.0.2+9-78, mixed mode, sharing, tiered, compressed oops, compressed class ptrs, g1 gc, windows-amd64)
# Problematic frame:
# V  [jvm.dll+0x5a3537]
#
# No core dump will be written. Minidumps are not enabled by default on client versions of Windows
#
# If you would like to submit a bug report, please visit:
#   https://bugreport.java.com/bugreport/crash.jsp
#

---------------  S U M M A R Y ------------

Command Line: org.jetbrains.kotlin.cli.jvm.K2JVMCompiler @C:\TCC\client\node_modules\expo-modules-core\android\build\20240929_15272989101695722023.compiler.options

Host: AMD Ryzen 5 4500 6-Core Processor              , 12 cores, 31G,  Windows 11 , 64 bit Build 22621 (10.0.22621.3958)
Time: Sun Sep 29 10:36:40 2024 Hora oficial do Brasil elapsed time: 37.156109 seconds (0d 0h 0m 37s)

---------------  T H R E A D  ---------------

Current thread (0x0000022c6893d750):  JavaThread "C2 CompilerThread0" daemon [_thread_in_native, id=8720, stack(0x000000586ce00000,0x000000586cf00000)]


Current CompileTask:
C2:  37156 17246       4       org.jetbrains.kotlin.types.KotlinTypeFactory::simpleType$default (21 bytes)

Stack: [0x000000586ce00000,0x000000586cf00000],  sp=0x000000586cefb900,  free space=1006k
Native frames: (J=compiled Java code, j=interpreted, Vv=VM code, C=native code)
V  [jvm.dll+0x5a3537]
V  [jvm.dll+0x385c80]
V  [jvm.dll+0x384fea]
V  [jvm.dll+0x24b529]
V  [jvm.dll+0x24a921]
V  [jvm.dll+0x1ce761]
V  [jvm.dll+0x25a0eb]
V  [jvm.dll+0x2587c0]
V  [jvm.dll+0x3f2dd5]
V  [jvm.dll+0x7f5c76]
V  [jvm.dll+0x6baecb]
C  [ucrtbase.dll+0x29333]
C  [KERNEL32.DLL+0x1257d]
C  [ntdll.dll+0x5af08]


siginfo: EXCEPTION_ACCESS_VIOLATION (0xc0000005), reading address 0xffffffffffffffff


Registers:
RAX=0x0000022c6b7a21a8, RBX=0x0000022c6bc39080, RCX=0x0000022c6dd096ac, RDX=0x0000022c6dd09630
RSP=0x000000586cefb900, RBP=0x000000586cefba00, RSI=0x0000000000000002, RDI=0x0000022c6b7a19c8
R8 =0x001000000000022c, R9 =0x0000000000001098, R10=0x0000022c6dd096b4, R11=0x0000000000000010
R12=0x0000000000000000, R13=0x000000586cefbf20, R14=0x000000586cefba80, R15=0x0000000000000000
RIP=0x00007ff9c5b53537, EFLAGS=0x0000000000010283


Register to memory mapping:

RIP=0x00007ff9c5b53537 jvm.dll
RAX=0x0000022c6b7a21a8 points into unknown readable memory: 0x0000022c6b7a61a8 | a8 61 7a 6b 2c 02 00 00
RBX=0x0000022c6bc39080 points into unknown readable memory: 0x00007ff9c5ef6ba0 | a0 6b ef c5 f9 7f 00 00
RCX=0x0000022c6dd096ac points into unknown readable memory: 2c 02 00 00
RDX=0x0000022c6dd09630 points into unknown readable memory: 0x00007ff9c5ef24d0 | d0 24 ef c5 f9 7f 00 00
RSP=0x000000586cefb900 is pointing into the stack for thread: 0x0000022c6893d750
RBP=0x000000586cefba00 is pointing into the stack for thread: 0x0000022c6893d750
RSI=0x0000000000000002 is an unknown value
RDI=0x0000022c6b7a19c8 points into unknown readable memory: 0x00007ff9c5ef24d0 | d0 24 ef c5 f9 7f 00 00
R8 =0x001000000000022c is an unknown value
R9 =0x0000000000001098 is an unknown value
R10=0x0000022c6dd096b4 points into unknown readable memory: 00 00 00 00
R11=0x0000000000000010 is an unknown value
R12=0x0 is NULL
R13=0x000000586cefbf20 is pointing into the stack for thread: 0x0000022c6893d750
R14=0x000000586cefba80 is pointing into the stack for thread: 0x0000022c6893d750
R15=0x0 is NULL


Top of Stack: (sp=0x000000586cefb900)
0x000000586cefb900:   000000586cefbf20 0000022c6bc39408
0x000000586cefb910:   0000022c6b7a1a60 000000586cefba80
0x000000586cefb920:   000000586cefbae8 0000022c00000001
0x000000586cefb930:   0000022c6d671040 0000000000000000
0x000000586cefb940:   0000000500000005 0000022c68936a60
0x000000586cefb950:   0000000000000004 0000022c6bb67f90
0x000000586cefb960:   0000000000000000 0000000000000028
0x000000586cefb970:   0000022c68936a60 00007ff900000004
0x000000586cefb980:   0000022c6bb67f70 0000000000000000
0x000000586cefb990:   0000022c68940a98 0000022c6c3c6180
0x000000586cefb9a0:   0000022c68940a98 0000022c6bb65b88
0x000000586cefb9b0:   00000000000000e8 0000022c68936a60
0x000000586cefb9c0:   0000022c6d66d5b0 000000000006b130
0x000000586cefb9d0:   0000022c6d671040 0000022c6d675598
0x000000586cefb9e0:   0000022c00000008 0000022c6bb672a8
0x000000586cefb9f0:   0000000000000008 0000022c68936a60
0x000000586cefba00:   0000000000039b50 0000022c69694570
0x000000586cefba10:   0000022c69694580 000000586cefbf20
0x000000586cefba20:   00000000000003d8 0000022c6d671040
0x000000586cefba30:   0000022c69694958 00000000000000c4
0x000000586cefba40:   000000586cefbb50 00007ff9c5935c80
0x000000586cefba50:   000000586cefbf20 0000000000000300
0x000000586cefba60:   000000586cefba80 000000586cefbae8
0x000000586cefba70:   0000022c6d671040 00007ff9c5c48401
0x000000586cefba80:   0000054000000540 0000022c6d673a40
0x000000586cefba90:   0000000000000000 0000022c6d8f3107
0x000000586cefbaa0:   0000022c69694570 0000022c6a3c7a40
0x000000586cefbab0:   0000022c6a3c93d0 0000022c6a3cfa28
0x000000586cefbac0:   0000000000096de0 0000022c6c02da00
0x000000586cefbad0:   0000022c6c02eff0 0000022c6c02da10
0x000000586cefbae0:   0000022c68936a60 0000005800000040
0x000000586cefbaf0:   0000022c6c02d910 00007ffa00000040 

Instructions: (pc=0x00007ff9c5b53537)
0x00007ff9c5b53437:   43 20 4e 8b 2c f8 eb 06 4d 8b ef 4c 8b f8 41 3b
0x00007ff9c5b53447:   f4 72 0b 8b d6 48 8d 4b 10 e8 bb 6c 0f 00 48 8b
0x00007ff9c5b53457:   43 20 48 8b 4c 24 68 44 8b 64 24 40 4c 89 2c 01
0x00007ff9c5b53467:   44 3b 63 18 72 0c 41 8b d4 48 8d 4b 10 e8 97 6c
0x00007ff9c5b53477:   0f 00 48 8b 43 20 41 ff c4 4c 8b 6d 50 44 89 64
0x00007ff9c5b53487:   24 40 4a 89 3c f8 80 3d a7 1f 5a 00 00 74 0d 80
0x00007ff9c5b53497:   7d 58 00 74 07 81 4f 30 00 10 00 00 48 8b 4c 24
0x00007ff9c5b534a7:   68 ff c6 48 83 c1 08 41 bf 00 00 00 00 48 89 4c
0x00007ff9c5b534b7:   24 68 3b 74 24 44 0f 82 2d fe ff ff 4c 8b 75 60
0x00007ff9c5b534c7:   3b 73 28 73 2b 0f 1f 40 00 3b 73 18 73 0c 48 8b
0x00007ff9c5b534d7:   43 20 8b ce 48 8b 14 c8 eb 03 49 8b d7 48 63 4a
0x00007ff9c5b534e7:   28 ff c6 49 8b 46 08 44 89 3c 88 3b 73 28 72 d9
0x00007ff9c5b534f7:   41 8b f7 45 85 e4 0f 84 92 00 00 00 4d 8b df 3b
0x00007ff9c5b53507:   73 18 73 0a 48 8b 43 20 49 8b 14 03 eb 03 49 8b
0x00007ff9c5b53517:   d7 48 8b 4a 10 8b 42 20 4c 8d 14 c1 49 3b ca 73
0x00007ff9c5b53527:   5e 44 0f b6 65 58 0f 1f 00 4c 8b 01 49 8b 45 78
0x00007ff9c5b53537:   41 8b 50 28 48 39 1c d0 75 37 48 63 c2 4c 8d 0c
0x00007ff9c5b53547:   85 00 00 00 00 49 8b 46 08 41 8b 14 01 ff ca 80
0x00007ff9c5b53557:   3d de 1e 5a 00 00 74 11 45 84 e4 74 0c 85 d2 79
0x00007ff9c5b53567:   08 41 81 48 30 00 10 00 00 49 8b 46 08 41 89 14
0x00007ff9c5b53577:   01 48 83 c1 08 49 3b ca 72 af 44 8b 64 24 40 ff
0x00007ff9c5b53587:   c6 49 83 c3 08 41 3b f4 0f 82 71 ff ff ff 65 48
0x00007ff9c5b53597:   8b 04 25 58 00 00 00 8b 0d a4 19 65 00 48 8b 3c
0x00007ff9c5b535a7:   c8 b8 68 00 00 00 48 03 c7 48 89 44 24 68 80 38
0x00007ff9c5b535b7:   00 75 05 e8 61 38 30 00 b8 28 00 00 00 48 03 c7
0x00007ff9c5b535c7:   48 89 45 90 48 8b 00 4c 8b 88 50 02 00 00 4c 89
0x00007ff9c5b535d7:   4c 24 70 c7 44 24 78 04 00 00 00 49 8b 49 18 49
0x00007ff9c5b535e7:   8b 41 20 48 2b c1 48 83 f8 20 72 0a 48 8d 41 20
0x00007ff9c5b535f7:   49 89 41 18 eb 12 45 33 c0 49 8b c9 41 8d 50 20
0x00007ff9c5b53607:   e8 84 f7 b1 ff 48 8b c8 44 8b 44 24 78 33 d2 49
0x00007ff9c5b53617:   c1 e0 03 48 89 4d 80 e8 0f 4b 30 00 b8 68 00 00
0x00007ff9c5b53627:   00 44 89 7d 88 80 3c 38 00 75 05 e8 e9 37 30 00 


Stack slot to memory mapping:
stack at sp + 0 slots: 0x000000586cefbf20 is pointing into the stack for thread: 0x0000022c6893d750
stack at sp + 1 slots: 0x0000022c6bc39408 points into unknown readable memory: 0x00007ff9c5ef6ba0 | a0 6b ef c5 f9 7f 00 00
stack at sp + 2 slots: 0x0000022c6b7a1a60 points into unknown readable memory: 0x00007ff9c5eb26b0 | b0 26 eb c5 f9 7f 00 00
stack at sp + 3 slots: 0x000000586cefba80 is pointing into the stack for thread: 0x0000022c6893d750
stack at sp + 4 slots: 0x000000586cefbae8 is pointing into the stack for thread: 0x0000022c6893d750
stack at sp + 5 slots: 0x0000022c00000001 points into unknown readable memory: da fe ca 00 00 01 00
stack at sp + 6 slots: 0x0000022c6d671040 points into unknown readable memory: 0x000000007fff7fff | ff 7f ff 7f 00 00 00 00
stack at sp + 7 slots: 0x0 is NULL


---------------  P R O C E S S  ---------------

Threads class SMR info:
_java_thread_list=0x0000022c6e6b7250, length=12, elements={
0x0000022c7e5a25c0, 0x0000022c68934c70, 0x0000022c68935c10, 0x0000022c68937a20,
0x0000022c6893b380, 0x0000022c6893bcc0, 0x0000022c6893c940, 0x0000022c6893d750,
0x0000022c6893e0d0, 0x0000022c68a89520, 0x0000022c68a96710, 0x0000022c6ae25ae0
}

Java Threads: ( => current thread )
  0x0000022c7e5a25c0 JavaThread "main" [_thread_in_Java, id=18208, stack(0x000000586c000000,0x000000586c100000)]
  0x0000022c68934c70 JavaThread "Reference Handler" daemon [_thread_blocked, id=12880, stack(0x000000586c800000,0x000000586c900000)]
  0x0000022c68935c10 JavaThread "Finalizer" daemon [_thread_blocked, id=18996, stack(0x000000586c900000,0x000000586ca00000)]
  0x0000022c68937a20 JavaThread "Signal Dispatcher" daemon [_thread_blocked, id=18552, stack(0x000000586ca00000,0x000000586cb00000)]
  0x0000022c6893b380 JavaThread "Attach Listener" daemon [_thread_blocked, id=6856, stack(0x000000586cb00000,0x000000586cc00000)]
  0x0000022c6893bcc0 JavaThread "Service Thread" daemon [_thread_blocked, id=2548, stack(0x000000586cc00000,0x000000586cd00000)]
  0x0000022c6893c940 JavaThread "Monitor Deflation Thread" daemon [_thread_blocked, id=17620, stack(0x000000586cd00000,0x000000586ce00000)]
=>0x0000022c6893d750 JavaThread "C2 CompilerThread0" daemon [_thread_in_native, id=8720, stack(0x000000586ce00000,0x000000586cf00000)]
  0x0000022c6893e0d0 JavaThread "C1 CompilerThread0" daemon [_thread_blocked, id=5612, stack(0x000000586cf00000,0x000000586d000000)]
  0x0000022c68a89520 JavaThread "Notification Thread" daemon [_thread_blocked, id=2924, stack(0x000000586d000000,0x000000586d100000)]
  0x0000022c68a96710 JavaThread "Common-Cleaner" daemon [_thread_blocked, id=7644, stack(0x000000586d200000,0x000000586d300000)]
  0x0000022c6ae25ae0 JavaThread "C2 CompilerThread1" daemon [_thread_in_native, id=10540, stack(0x000000586dc00000,0x000000586dd00000)]

Other Threads:
  0x0000022c7fd91df0 VMThread "VM Thread" [stack: 0x000000586c700000,0x000000586c800000] [id=14024]
  0x0000022c68a8ba80 WatcherThread "VM Periodic Task Thread" [stack: 0x000000586d100000,0x000000586d200000] [id=6232]
  0x0000022c7e652fa0 WorkerThread "GC Thread#0" [stack: 0x000000586c200000,0x000000586c300000] [id=10796]
  0x0000022c68ff0090 WorkerThread "GC Thread#1" [stack: 0x000000586d300000,0x000000586d400000] [id=16644]
  0x0000022c68ff0630 WorkerThread "GC Thread#2" [stack: 0x000000586d400000,0x000000586d500000] [id=2960]
  0x0000022c68ff0360 WorkerThread "GC Thread#3" [stack: 0x000000586d500000,0x000000586d600000] [id=12072]
  0x0000022c68ff1cb0 WorkerThread "GC Thread#4" [stack: 0x000000586d600000,0x000000586d700000] [id=13052]
  0x0000022c68ff1440 WorkerThread "GC Thread#5" [stack: 0x000000586d700000,0x000000586d800000] [id=17400]
  0x0000022c68ff1710 WorkerThread "GC Thread#6" [stack: 0x000000586d800000,0x000000586d900000] [id=3348]
  0x0000022c68ff19e0 WorkerThread "GC Thread#7" [stack: 0x000000586d900000,0x000000586da00000] [id=16136]
  0x0000022c68ff0bd0 WorkerThread "GC Thread#8" [stack: 0x000000586da00000,0x000000586db00000] [id=18740]
  0x0000022c68ff0900 WorkerThread "GC Thread#9" [stack: 0x000000586db00000,0x000000586dc00000] [id=9012]
  0x0000022c7fba8020 ConcurrentGCThread "G1 Main Marker" [stack: 0x000000586c300000,0x000000586c400000] [id=13220]
  0x0000022c7fba8a50 WorkerThread "G1 Conc#0" [stack: 0x000000586c400000,0x000000586c500000] [id=15096]
  0x0000022c6968dc50 WorkerThread "G1 Conc#1" [stack: 0x000000586de00000,0x000000586df00000] [id=10612]
  0x0000022c6968df20 WorkerThread "G1 Conc#2" [stack: 0x000000586df00000,0x000000586e000000] [id=19328]
  0x0000022c7fc3fda0 ConcurrentGCThread "G1 Refine#0" [stack: 0x000000586c500000,0x000000586c600000] [id=17060]
  0x0000022c7fc40840 ConcurrentGCThread "G1 Service" [stack: 0x000000586c600000,0x000000586c700000] [id=17304]

Threads with active compile tasks:
C2 CompilerThread0    37184 17246       4       org.jetbrains.kotlin.types.KotlinTypeFactory::simpleType$default (21 bytes)
C2 CompilerThread1    37184 17248       4       org.jetbrains.kotlin.types.TypeUtils::getImmediateSupertypes (105 bytes)

VM state: not at safepoint (normal execution)

VM Mutex/Monitor currently owned by a thread: None

Heap address: 0x0000000602000000, size: 8160 MB, Compressed Oops mode: Zero based, Oop shift amount: 3

CDS archive(s) mapped at: [0x0000022c23800000-0x0000022c24460000-0x0000022c24460000), size 12976128, SharedBaseAddress: 0x0000022c23800000, ArchiveRelocationMode: 1.
Compressed class space mapped at: 0x0000022c24800000-0x0000022c64800000, reserved size: 1073741824
Narrow klass base: 0x0000022c23800000, Narrow klass shift: 0, Narrow klass range: 0x100000000

GC Precious Log:
 CardTable entry size: 512
 Card Set container configuration: InlinePtr #cards 4 size 8 Array Of Cards #cards 32 size 80 Howl #buckets 8 coarsen threshold 7372 Howl Bitmap #cards 1024 size 144 coarsen threshold 921 Card regions per heap region 1 cards per card region 8192
 CPUs: 12 total, 12 available
 Memory: 32635M
 Large Page Support: Disabled
 NUMA Support: Disabled
 Compressed Oops: Enabled (Zero based)
 Heap Region Size: 4M
 Heap Min Capacity: 8M
 Heap Initial Capacity: 512M
 Heap Max Capacity: 8160M
 Pre-touch: Disabled
 Parallel Workers: 10
 Concurrent Workers: 3
 Concurrent Refinement Workers: 10
 Periodic GC: Disabled

Heap:
 garbage-first heap   total 327680K, used 170246K [0x0000000602000000, 0x0000000800000000)
  region size 4096K, 17 young (69632K), 4 survivors (16384K)
 Metaspace       used 61354K, committed 62144K, reserved 1114112K
  class space    used 6815K, committed 7232K, reserved 1048576K

Heap Regions: E=young(eden), S=young(survivor), O=old, HS=humongous(starts), HC=humongous(continues), CS=collection set, F=free, OA=open archive, CA=closed archive, TAMS=top-at-mark-start, PB=parsable bottom
|   0|0x0000000602000000, 0x0000000602400000, 0x0000000602400000|100%|HS|  |TAMS 0x0000000602000000| PB 0x0000000602000000| Complete 
|   1|0x0000000602400000, 0x0000000602800000, 0x0000000602800000|100%| O|  |TAMS 0x0000000602400000| PB 0x0000000602400000| Untracked 
|   2|0x0000000602800000, 0x0000000602c00000, 0x0000000602c00000|100%| O|  |TAMS 0x0000000602800000| PB 0x0000000602800000| Untracked 
|   3|0x0000000602c00000, 0x0000000603000000, 0x0000000603000000|100%| O|  |TAMS 0x0000000602c00000| PB 0x0000000602c00000| Untracked 
|   4|0x0000000603000000, 0x0000000603400000, 0x0000000603400000|100%| O|  |TAMS 0x0000000603000000| PB 0x0000000603000000| Untracked 
|   5|0x0000000603400000, 0x0000000603800000, 0x0000000603800000|100%| O|  |TAMS 0x0000000603400000| PB 0x0000000603400000| Untracked 
|   6|0x0000000603800000, 0x0000000603c00000, 0x0000000603c00000|100%| O|  |TAMS 0x0000000603800000| PB 0x0000000603800000| Untracked 
|   7|0x0000000603c00000, 0x0000000604000000, 0x0000000604000000|100%| O|  |TAMS 0x0000000603c00000| PB 0x0000000603c00000| Untracked 
|   8|0x0000000604000000, 0x0000000604400000, 0x0000000604400000|100%| O|  |TAMS 0x0000000604000000| PB 0x0000000604000000| Untracked 
|   9|0x0000000604400000, 0x0000000604800000, 0x0000000604800000|100%| O|  |TAMS 0x0000000604400000| PB 0x0000000604400000| Untracked 
|  10|0x0000000604800000, 0x0000000604c00000, 0x0000000604c00000|100%| O|  |TAMS 0x0000000604800000| PB 0x0000000604800000| Untracked 
|  11|0x0000000604c00000, 0x0000000605000000, 0x0000000605000000|100%| O|  |TAMS 0x0000000604c00000| PB 0x0000000604c00000| Untracked 
|  12|0x0000000605000000, 0x0000000605400000, 0x0000000605400000|100%| O|  |TAMS 0x0000000605000000| PB 0x0000000605000000| Untracked 
|  13|0x0000000605400000, 0x0000000605800000, 0x0000000605800000|100%| O|  |TAMS 0x0000000605400000| PB 0x0000000605400000| Untracked 
|  14|0x0000000605800000, 0x0000000605c00000, 0x0000000605c00000|100%| O|  |TAMS 0x0000000605800000| PB 0x0000000605800000| Untracked 
|  15|0x0000000605c00000, 0x0000000606000000, 0x0000000606000000|100%| O|  |TAMS 0x0000000605c00000| PB 0x0000000605c00000| Untracked 
|  16|0x0000000606000000, 0x0000000606400000, 0x0000000606400000|100%| O|  |TAMS 0x0000000606000000| PB 0x0000000606000000| Untracked 
|  17|0x0000000606400000, 0x0000000606800000, 0x0000000606800000|100%| O|  |TAMS 0x0000000606400000| PB 0x0000000606400000| Untracked 
|  18|0x0000000606800000, 0x0000000606c00000, 0x0000000606c00000|100%| O|  |TAMS 0x0000000606800000| PB 0x0000000606800000| Untracked 
|  19|0x0000000606c00000, 0x0000000607000000, 0x0000000607000000|100%| O|  |TAMS 0x0000000606c00000| PB 0x0000000606c00000| Untracked 
|  20|0x0000000607000000, 0x0000000607400000, 0x0000000607400000|100%| O|  |TAMS 0x0000000607000000| PB 0x0000000607000000| Untracked 
|  21|0x0000000607400000, 0x0000000607800000, 0x0000000607800000|100%| O|  |TAMS 0x0000000607400000| PB 0x0000000607400000| Untracked 
|  22|0x0000000607800000, 0x0000000607c00000, 0x0000000607c00000|100%| O|  |TAMS 0x0000000607800000| PB 0x0000000607800000| Untracked 
|  23|0x0000000607c00000, 0x0000000608000000, 0x0000000608000000|100%| O|  |TAMS 0x0000000607c00000| PB 0x0000000607c00000| Untracked 
|  24|0x0000000608000000, 0x0000000608400000, 0x0000000608400000|100%| O|  |TAMS 0x0000000608000000| PB 0x0000000608000000| Untracked 
|  25|0x0000000608400000, 0x0000000608400000, 0x0000000608800000|  0%| F|  |TAMS 0x0000000608400000| PB 0x0000000608400000| Untracked 
|  26|0x0000000608800000, 0x0000000608800000, 0x0000000608c00000|  0%| F|  |TAMS 0x0000000608800000| PB 0x0000000608800000| Untracked 
|  27|0x0000000608c00000, 0x0000000608d19c00, 0x0000000609000000| 27%| O|  |TAMS 0x0000000608c00000| PB 0x0000000608c00000| Untracked 
|  28|0x0000000609000000, 0x0000000609000000, 0x0000000609400000|  0%| F|  |TAMS 0x0000000609000000| PB 0x0000000609000000| Untracked 
|  29|0x0000000609400000, 0x0000000609400000, 0x0000000609800000|  0%| F|  |TAMS 0x0000000609400000| PB 0x0000000609400000| Untracked 
|  30|0x0000000609800000, 0x0000000609800000, 0x0000000609c00000|  0%| F|  |TAMS 0x0000000609800000| PB 0x0000000609800000| Untracked 
|  31|0x0000000609c00000, 0x0000000609d27ec0, 0x000000060a000000| 28%| S|CS|TAMS 0x0000000609c00000| PB 0x0000000609c00000| Complete 
|  32|0x000000060a000000, 0x000000060a400000, 0x000000060a400000|100%| S|CS|TAMS 0x000000060a000000| PB 0x000000060a000000| Complete 
|  33|0x000000060a400000, 0x000000060a400000, 0x000000060a800000|  0%| F|  |TAMS 0x000000060a400000| PB 0x000000060a400000| Untracked 
|  34|0x000000060a800000, 0x000000060a800000, 0x000000060ac00000|  0%| F|  |TAMS 0x000000060a800000| PB 0x000000060a800000| Untracked 
|  35|0x000000060ac00000, 0x000000060b000000, 0x000000060b000000|100%| S|CS|TAMS 0x000000060ac00000| PB 0x000000060ac00000| Complete 
|  36|0x000000060b000000, 0x000000060b400000, 0x000000060b400000|100%| S|CS|TAMS 0x000000060b000000| PB 0x000000060b000000| Complete 
|  37|0x000000060b400000, 0x000000060b400000, 0x000000060b800000|  0%| F|  |TAMS 0x000000060b400000| PB 0x000000060b400000| Untracked 
|  38|0x000000060b800000, 0x000000060b800000, 0x000000060bc00000|  0%| F|  |TAMS 0x000000060b800000| PB 0x000000060b800000| Untracked 
|  39|0x000000060bc00000, 0x000000060bc00000, 0x000000060c000000|  0%| F|  |TAMS 0x000000060bc00000| PB 0x000000060bc00000| Untracked 
|  40|0x000000060c000000, 0x000000060c000000, 0x000000060c400000|  0%| F|  |TAMS 0x000000060c000000| PB 0x000000060c000000| Untracked 
|  41|0x000000060c400000, 0x000000060c400000, 0x000000060c800000|  0%| F|  |TAMS 0x000000060c400000| PB 0x000000060c400000| Untracked 
|  42|0x000000060c800000, 0x000000060c800000, 0x000000060cc00000|  0%| F|  |TAMS 0x000000060c800000| PB 0x000000060c800000| Untracked 
|  43|0x000000060cc00000, 0x000000060cc00000, 0x000000060d000000|  0%| F|  |TAMS 0x000000060cc00000| PB 0x000000060cc00000| Untracked 
|  44|0x000000060d000000, 0x000000060d000000, 0x000000060d400000|  0%| F|  |TAMS 0x000000060d000000| PB 0x000000060d000000| Untracked 
|  45|0x000000060d400000, 0x000000060d400000, 0x000000060d800000|  0%| F|  |TAMS 0x000000060d400000| PB 0x000000060d400000| Untracked 
|  46|0x000000060d800000, 0x000000060d800000, 0x000000060dc00000|  0%| F|  |TAMS 0x000000060d800000| PB 0x000000060d800000| Untracked 
|  47|0x000000060dc00000, 0x000000060dc00000, 0x000000060e000000|  0%| F|  |TAMS 0x000000060dc00000| PB 0x000000060dc00000| Untracked 
|  48|0x000000060e000000, 0x000000060e000000, 0x000000060e400000|  0%| F|  |TAMS 0x000000060e000000| PB 0x000000060e000000| Untracked 
|  49|0x000000060e400000, 0x000000060e400000, 0x000000060e800000|  0%| F|  |TAMS 0x000000060e400000| PB 0x000000060e400000| Untracked 
|  50|0x000000060e800000, 0x000000060e800000, 0x000000060ec00000|  0%| F|  |TAMS 0x000000060e800000| PB 0x000000060e800000| Untracked 
|  51|0x000000060ec00000, 0x000000060ec00000, 0x000000060f000000|  0%| F|  |TAMS 0x000000060ec00000| PB 0x000000060ec00000| Untracked 
|  52|0x000000060f000000, 0x000000060f000000, 0x000000060f400000|  0%| F|  |TAMS 0x000000060f000000| PB 0x000000060f000000| Untracked 
|  53|0x000000060f400000, 0x000000060f400000, 0x000000060f800000|  0%| F|  |TAMS 0x000000060f400000| PB 0x000000060f400000| Untracked 
|  54|0x000000060f800000, 0x000000060f800000, 0x000000060fc00000|  0%| F|  |TAMS 0x000000060f800000| PB 0x000000060f800000| Untracked 
|  55|0x000000060fc00000, 0x000000060fc00000, 0x0000000610000000|  0%| F|  |TAMS 0x000000060fc00000| PB 0x000000060fc00000| Untracked 
|  56|0x0000000610000000, 0x0000000610000000, 0x0000000610400000|  0%| F|  |TAMS 0x0000000610000000| PB 0x0000000610000000| Untracked 
|  57|0x0000000610400000, 0x0000000610400000, 0x0000000610800000|  0%| F|  |TAMS 0x0000000610400000| PB 0x0000000610400000| Untracked 
|  58|0x0000000610800000, 0x0000000610800000, 0x0000000610c00000|  0%| F|  |TAMS 0x0000000610800000| PB 0x0000000610800000| Untracked 
|  59|0x0000000610c00000, 0x0000000610c00000, 0x0000000611000000|  0%| F|  |TAMS 0x0000000610c00000| PB 0x0000000610c00000| Untracked 
|  60|0x0000000611000000, 0x0000000611000000, 0x0000000611400000|  0%| F|  |TAMS 0x0000000611000000| PB 0x0000000611000000| Untracked 
|  61|0x0000000611400000, 0x0000000611400000, 0x0000000611800000|  0%| F|  |TAMS 0x0000000611400000| PB 0x0000000611400000| Untracked 
|  62|0x0000000611800000, 0x0000000611800000, 0x0000000611c00000|  0%| F|  |TAMS 0x0000000611800000| PB 0x0000000611800000| Untracked 
|  63|0x0000000611c00000, 0x0000000611c00000, 0x0000000612000000|  0%| F|  |TAMS 0x0000000611c00000| PB 0x0000000611c00000| Untracked 
|  64|0x0000000612000000, 0x0000000612000000, 0x0000000612400000|  0%| F|  |TAMS 0x0000000612000000| PB 0x0000000612000000| Untracked 
|  65|0x0000000612400000, 0x0000000612400000, 0x0000000612800000|  0%| F|  |TAMS 0x0000000612400000| PB 0x0000000612400000| Untracked 
|  66|0x0000000612800000, 0x0000000612c00000, 0x0000000612c00000|100%| E|  |TAMS 0x0000000612800000| PB 0x0000000612800000| Complete 
|  67|0x0000000612c00000, 0x0000000613000000, 0x0000000613000000|100%| E|CS|TAMS 0x0000000612c00000| PB 0x0000000612c00000| Complete 
|  68|0x0000000613000000, 0x0000000613400000, 0x0000000613400000|100%| E|CS|TAMS 0x0000000613000000| PB 0x0000000613000000| Complete 
|  69|0x0000000613400000, 0x0000000613800000, 0x0000000613800000|100%| E|CS|TAMS 0x0000000613400000| PB 0x0000000613400000| Complete 
|  70|0x0000000613800000, 0x0000000613c00000, 0x0000000613c00000|100%| E|CS|TAMS 0x0000000613800000| PB 0x0000000613800000| Complete 
|  71|0x0000000613c00000, 0x0000000614000000, 0x0000000614000000|100%| E|CS|TAMS 0x0000000613c00000| PB 0x0000000613c00000| Complete 
|  72|0x0000000614000000, 0x0000000614400000, 0x0000000614400000|100%| E|CS|TAMS 0x0000000614000000| PB 0x0000000614000000| Complete 
|  73|0x0000000614400000, 0x0000000614800000, 0x0000000614800000|100%| E|CS|TAMS 0x0000000614400000| PB 0x0000000614400000| Complete 
|  74|0x0000000614800000, 0x0000000614c00000, 0x0000000614c00000|100%| E|CS|TAMS 0x0000000614800000| PB 0x0000000614800000| Complete 
|  75|0x0000000614c00000, 0x0000000615000000, 0x0000000615000000|100%| E|CS|TAMS 0x0000000614c00000| PB 0x0000000614c00000| Complete 
|  76|0x0000000615000000, 0x0000000615400000, 0x0000000615400000|100%| E|CS|TAMS 0x0000000615000000| PB 0x0000000615000000| Complete 
|  77|0x0000000615400000, 0x0000000615800000, 0x0000000615800000|100%| E|CS|TAMS 0x0000000615400000| PB 0x0000000615400000| Complete 
| 127|0x0000000621c00000, 0x0000000622000000, 0x0000000622000000|100%| E|CS|TAMS 0x0000000621c00000| PB 0x0000000621c00000| Complete 
|2039|0x00000007ffc00000, 0x0000000800000000, 0x0000000800000000|100%| O|  |TAMS 0x00000007ffc00000| PB 0x00000007ffc00000| Untracked 

Card table byte_map: [0x0000022c17010000,0x0000022c18000000] _byte_map_base: 0x0000022c14000000

Marking Bits: (CMBitMap*) 0x0000022c7e6545e0
 Bits: [0x0000022c18ff0000, 0x0000022c20f70000)

Polling page: 0x0000022c7c4e0000

Metaspace:

Usage:
  Non-class:     53.26 MB used.
      Class:      6.66 MB used.
       Both:     59.92 MB used.

Virtual space:
  Non-class space:       64.00 MB reserved,      53.62 MB ( 84%) committed,  1 nodes.
      Class space:        1.00 GB reserved,       7.06 MB ( <1%) committed,  1 nodes.
             Both:        1.06 GB reserved,      60.69 MB (  6%) committed. 

Chunk freelists:
   Non-Class:  1.56 MB
       Class:  1001.00 KB
        Both:  2.54 MB

MaxMetaspaceSize: unlimited
CompressedClassSpaceSize: 1.00 GB
Initial GC threshold: 21.00 MB
Current GC threshold: 96.19 MB
CDS: on
MetaspaceReclaimPolicy: balanced
 - commit_granule_bytes: 65536.
 - commit_granule_words: 8192.
 - virtual_space_node_default_size: 8388608.
 - enlarge_chunks_in_place: 1.
 - new_chunks_are_fully_committed: 0.
 - uncommit_free_chunks: 1.
 - use_allocation_guard: 0.


Internal statistics:

num_allocs_failed_limit: 6.
num_arena_births: 1344.
num_arena_deaths: 0.
num_vsnodes_births: 2.
num_vsnodes_deaths: 0.
num_space_committed: 969.
num_space_uncommitted: 0.
num_chunks_returned_to_freelist: 6.
num_chunks_taken_from_freelist: 3796.
num_chunk_merges: 6.
num_chunk_splits: 2799.
num_chunks_enlarged: 2154.
num_inconsistent_stats: 0.

CodeHeap 'non-profiled nmethods': size=120000Kb used=16762Kb max_used=16762Kb free=103237Kb
 bounds [0x0000022c0fae0000, 0x0000022c10b40000, 0x0000022c17010000]
CodeHeap 'profiled nmethods': size=120000Kb used=51080Kb max_used=51080Kb free=68920Kb
 bounds [0x0000022c08010000, 0x0000022c0b200000, 0x0000022c0f540000]
CodeHeap 'non-nmethods': size=5760Kb used=1653Kb max_used=1748Kb free=4106Kb
 bounds [0x0000022c0f540000, 0x0000022c0f7b0000, 0x0000022c0fae0000]
 total_blobs=16530 nmethods=15899 adapters=537
 compilation: enabled
              stopped_count=0, restarted_count=0
 full_count=0

Compilation events (20 events):
Event: 37.037 Thread 0x0000022c6893e0d0 nmethod 17237 0x0000022c0b1da910 code [0x0000022c0b1daac0, 0x0000022c0b1dad28]
Event: 37.042 Thread 0x0000022c6ae25ae0 17238       4       org.jetbrains.kotlin.types.TypeSubstitution$replaceWithNonApproximating$1::prepareTopLevelType (22 bytes)
Event: 37.043 Thread 0x0000022c6ae25ae0 nmethod 17238 0x0000022c10b3df10 code [0x0000022c10b3e080, 0x0000022c10b3e170]
Event: 37.053 Thread 0x0000022c6893e0d0 17239       3       org.jetbrains.kotlin.types.expressions.DoubleColonExpressionResolver::canBeConsideredProperType (92 bytes)
Event: 37.054 Thread 0x0000022c6893e0d0 nmethod 17239 0x0000022c0b1dae10 code [0x0000022c0b1db180, 0x0000022c0b1dcc98]
Event: 37.054 Thread 0x0000022c6893e0d0 17240       3       org.jetbrains.kotlin.resolve.calls.tower.NewAbstractResolvedCall::substituteInferredVariablesAndApproximate$default (33 bytes)
Event: 37.054 Thread 0x0000022c6893e0d0 nmethod 17240 0x0000022c0b1dd390 code [0x0000022c0b1dd540, 0x0000022c0b1dd7b8]
Event: 37.075 Thread 0x0000022c6893d750 17241       4       org.jetbrains.kotlin.resolve.calls.model.ResolvedCallArgument$SimpleArgument::<init> (17 bytes)
Event: 37.075 Thread 0x0000022c6893e0d0 17243       3       org.jetbrains.kotlin.resolve.calls.components.ArgumentsToParametersMapper$CallArgumentProcessor::getParameterByName (152 bytes)
Event: 37.076 Thread 0x0000022c6893d750 nmethod 17241 0x0000022c10b3e290 code [0x0000022c10b3e400, 0x0000022c10b3e568]
Event: 37.077 Thread 0x0000022c6893e0d0 nmethod 17243 0x0000022c0b1dd910 code [0x0000022c0b1ddce0, 0x0000022c0b1df878]
Event: 37.077 Thread 0x0000022c6893e0d0 17242       3       org.jetbrains.kotlin.resolve.calls.components.ArgumentsToParametersMapper$CallArgumentProcessor::findParameterByName (292 bytes)
Event: 37.079 Thread 0x0000022c6893e0d0 nmethod 17242 0x0000022c0b1e0210 code [0x0000022c0b1e08c0, 0x0000022c0b1e48e8]
Event: 37.080 Thread 0x0000022c6893e0d0 17244       3       org.jetbrains.kotlin.resolve.calls.components.ArgumentsToParametersMapper$CallArgumentProcessor::processNamedArgument (237 bytes)
Event: 37.083 Thread 0x0000022c6893e0d0 nmethod 17244 0x0000022c0b1e5e10 code [0x0000022c0b1e65c0, 0x0000022c0b1eb700]
Event: 37.136 Thread 0x0000022c6893e0d0 17245       3       org.jetbrains.kotlin.types.AbbreviatedType::<init> (27 bytes)
Event: 37.137 Thread 0x0000022c6893e0d0 nmethod 17245 0x0000022c0b1ece10 code [0x0000022c0b1ed0c0, 0x0000022c0b1ede48]
Event: 37.137 Thread 0x0000022c6893d750 17246       4       org.jetbrains.kotlin.types.KotlinTypeFactory::simpleType$default (21 bytes)
Event: 37.144 Thread 0x0000022c6ae25ae0 17247       4       javaslang.collection.HashArrayMappedTrieModule$EmptyNode::modify (24 bytes)
Event: 37.145 Thread 0x0000022c6ae25ae0 nmethod 17247 0x0000022c10b3e610 code [0x0000022c10b3e780, 0x0000022c10b3e898]

GC Heap History (20 events):
Event: 20.827 GC heap before
{Heap before GC invocations=21 (full 0):
 garbage-first heap   total 233472K, used 202776K [0x0000000602000000, 0x0000000800000000)
  region size 4096K, 31 young (126976K), 2 survivors (8192K)
 Metaspace       used 58260K, committed 59072K, reserved 1114112K
  class space    used 6546K, committed 6976K, reserved 1048576K
}
Event: 20.830 GC heap after
{Heap after GC invocations=22 (full 0):
 garbage-first heap   total 233472K, used 83821K [0x0000000602000000, 0x0000000800000000)
  region size 4096K, 2 young (8192K), 2 survivors (8192K)
 Metaspace       used 58260K, committed 59072K, reserved 1114112K
  class space    used 6546K, committed 6976K, reserved 1048576K
}
Event: 21.118 GC heap before
{Heap before GC invocations=22 (full 0):
 garbage-first heap   total 233472K, used 202605K [0x0000000602000000, 0x0000000800000000)
  region size 4096K, 31 young (126976K), 2 survivors (8192K)
 Metaspace       used 58270K, committed 59136K, reserved 1114112K
  class space    used 6546K, committed 6976K, reserved 1048576K
}
Event: 21.122 GC heap after
{Heap after GC invocations=23 (full 0):
 garbage-first heap   total 233472K, used 83981K [0x0000000602000000, 0x0000000800000000)
  region size 4096K, 2 young (8192K), 2 survivors (8192K)
 Metaspace       used 58270K, committed 59136K, reserved 1114112K
  class space    used 6546K, committed 6976K, reserved 1048576K
}
Event: 21.375 GC heap before
{Heap before GC invocations=23 (full 0):
 garbage-first heap   total 233472K, used 202765K [0x0000000602000000, 0x0000000800000000)
  region size 4096K, 31 young (126976K), 2 survivors (8192K)
 Metaspace       used 58293K, committed 59136K, reserved 1114112K
  class space    used 6546K, committed 6976K, reserved 1048576K
}
Event: 21.379 GC heap after
{Heap after GC invocations=24 (full 0):
 garbage-first heap   total 327680K, used 84001K [0x0000000602000000, 0x0000000800000000)
  region size 4096K, 2 young (8192K), 2 survivors (8192K)
 Metaspace       used 58293K, committed 59136K, reserved 1114112K
  class space    used 6546K, committed 6976K, reserved 1048576K
}
Event: 21.786 GC heap before
{Heap before GC invocations=24 (full 0):
 garbage-first heap   total 327680K, used 272417K [0x0000000602000000, 0x0000000800000000)
  region size 4096K, 48 young (196608K), 2 survivors (8192K)
 Metaspace       used 58313K, committed 59136K, reserved 1114112K
  class space    used 6546K, committed 6976K, reserved 1048576K
}
Event: 21.789 GC heap after
{Heap after GC invocations=25 (full 0):
 garbage-first heap   total 327680K, used 84271K [0x0000000602000000, 0x0000000800000000)
  region size 4096K, 2 young (8192K), 2 survivors (8192K)
 Metaspace       used 58313K, committed 59136K, reserved 1114112K
  class space    used 6546K, committed 6976K, reserved 1048576K
}
Event: 22.102 GC heap before
{Heap before GC invocations=25 (full 0):
 garbage-first heap   total 327680K, used 272687K [0x0000000602000000, 0x0000000800000000)
  region size 4096K, 48 young (196608K), 2 survivors (8192K)
 Metaspace       used 58318K, committed 59136K, reserved 1114112K
  class space    used 6546K, committed 6976K, reserved 1048576K
}
Event: 22.104 GC heap after
{Heap after GC invocations=26 (full 0):
 garbage-first heap   total 327680K, used 84060K [0x0000000602000000, 0x0000000800000000)
  region size 4096K, 2 young (8192K), 2 survivors (8192K)
 Metaspace       used 58318K, committed 59136K, reserved 1114112K
  class space    used 6546K, committed 6976K, reserved 1048576K
}
Event: 22.585 GC heap before
{Heap before GC invocations=26 (full 0):
 garbage-first heap   total 327680K, used 272476K [0x0000000602000000, 0x0000000800000000)
  region size 4096K, 48 young (196608K), 2 survivors (8192K)
 Metaspace       used 58321K, committed 59136K, reserved 1114112K
  class space    used 6546K, committed 6976K, reserved 1048576K
}
Event: 22.587 GC heap after
{Heap after GC invocations=27 (full 0):
 garbage-first heap   total 327680K, used 84189K [0x0000000602000000, 0x0000000800000000)
  region size 4096K, 2 young (8192K), 2 survivors (8192K)
 Metaspace       used 58321K, committed 59136K, reserved 1114112K
  class space    used 6546K, committed 6976K, reserved 1048576K
}
Event: 22.874 GC heap before
{Heap before GC invocations=27 (full 0):
 garbage-first heap   total 327680K, used 272605K [0x0000000602000000, 0x0000000800000000)
  region size 4096K, 48 young (196608K), 2 survivors (8192K)
 Metaspace       used 58323K, committed 59136K, reserved 1114112K
  class space    used 6546K, committed 6976K, reserved 1048576K
}
Event: 22.877 GC heap after
{Heap after GC invocations=28 (full 0):
 garbage-first heap   total 327680K, used 84181K [0x0000000602000000, 0x0000000800000000)
  region size 4096K, 2 young (8192K), 2 survivors (8192K)
 Metaspace       used 58323K, committed 59136K, reserved 1114112K
  class space    used 6546K, committed 6976K, reserved 1048576K
}
Event: 27.515 GC heap before
{Heap before GC invocations=28 (full 0):
 garbage-first heap   total 327680K, used 272597K [0x0000000602000000, 0x0000000800000000)
  region size 4096K, 48 young (196608K), 2 survivors (8192K)
 Metaspace       used 59882K, committed 60736K, reserved 1114112K
  class space    used 6742K, committed 7168K, reserved 1048576K
}
Event: 27.524 GC heap after
{Heap after GC invocations=29 (full 0):
 garbage-first heap   total 327680K, used 93480K [0x0000000602000000, 0x0000000800000000)
  region size 4096K, 4 young (16384K), 4 survivors (16384K)
 Metaspace       used 59882K, committed 60736K, reserved 1114112K
  class space    used 6742K, committed 7168K, reserved 1048576K
}
Event: 33.300 GC heap before
{Heap before GC invocations=29 (full 0):
 garbage-first heap   total 327680K, used 273704K [0x0000000602000000, 0x0000000800000000)
  region size 4096K, 48 young (196608K), 4 survivors (16384K)
 Metaspace       used 60845K, committed 61696K, reserved 1114112K
  class space    used 6804K, committed 7232K, reserved 1048576K
}
Event: 33.315 GC heap after
{Heap after GC invocations=30 (full 0):
 garbage-first heap   total 327680K, used 107189K [0x0000000602000000, 0x0000000800000000)
  region size 4096K, 6 young (24576K), 6 survivors (24576K)
 Metaspace       used 60845K, committed 61696K, reserved 1114112K
  class space    used 6804K, committed 7232K, reserved 1048576K
}
Event: 36.411 GC heap before
{Heap before GC invocations=30 (full 0):
 garbage-first heap   total 327680K, used 279221K [0x0000000602000000, 0x0000000800000000)
  region size 4096K, 48 young (196608K), 6 survivors (24576K)
 Metaspace       used 61296K, committed 62080K, reserved 1114112K
  class space    used 6815K, committed 7232K, reserved 1048576K
}
Event: 36.430 GC heap after
{Heap after GC invocations=31 (full 0):
 garbage-first heap   total 327680K, used 121094K [0x0000000602000000, 0x0000000800000000)
  region size 4096K, 4 young (16384K), 4 survivors (16384K)
 Metaspace       used 61296K, committed 62080K, reserved 1114112K
  class space    used 6815K, committed 7232K, reserved 1048576K
}

Dll operation events (7 events):
Event: 0.019 Loaded shared library C:\Program Files\Java\jdk-20\bin\java.dll
Event: 0.061 Loaded shared library C:\Program Files\Java\jdk-20\bin\jsvml.dll
Event: 0.128 Loaded shared library C:\Program Files\Java\jdk-20\bin\net.dll
Event: 0.130 Loaded shared library C:\Program Files\Java\jdk-20\bin\nio.dll
Event: 0.153 Loaded shared library C:\Program Files\Java\jdk-20\bin\zip.dll
Event: 0.189 Loaded shared library C:\Program Files\Java\jdk-20\bin\jimage.dll
Event: 1.411 Loaded shared library C:\Program Files\Java\jdk-20\bin\verify.dll

Deoptimization events (20 events):
Event: 36.774 Thread 0x0000022c7e5a25c0 Uncommon trap: trap_request=0xffffffde fr.pc=0x0000022c10275abc relative=0x000000000000071c
Event: 36.774 Thread 0x0000022c7e5a25c0 Uncommon trap: reason=class_check action=maybe_recompile pc=0x0000022c10275abc method=org.jetbrains.kotlin.types.model.TypeSystemCommonSuperTypesContext.typeDepth(Lorg/jetbrains/kotlin/types/model/KotlinTypeMarker;)I @ 41 c2
Event: 36.774 Thread 0x0000022c7e5a25c0 DEOPT PACKING pc=0x0000022c10275abc sp=0x000000586c0fb9a0
Event: 36.774 Thread 0x0000022c7e5a25c0 DEOPT UNPACKING pc=0x0000022c0f5a9d22 sp=0x000000586c0fb968 mode 2
Event: 36.775 Thread 0x0000022c7e5a25c0 Uncommon trap: trap_request=0xffffffde fr.pc=0x0000022c10275abc relative=0x000000000000071c
Event: 36.775 Thread 0x0000022c7e5a25c0 Uncommon trap: reason=class_check action=maybe_recompile pc=0x0000022c10275abc method=org.jetbrains.kotlin.types.model.TypeSystemCommonSuperTypesContext.typeDepth(Lorg/jetbrains/kotlin/types/model/KotlinTypeMarker;)I @ 41 c2
Event: 36.775 Thread 0x0000022c7e5a25c0 DEOPT PACKING pc=0x0000022c10275abc sp=0x000000586c0fb9a0
Event: 36.775 Thread 0x0000022c7e5a25c0 DEOPT UNPACKING pc=0x0000022c0f5a9d22 sp=0x000000586c0fb968 mode 2
Event: 37.091 Thread 0x0000022c7e5a25c0 Uncommon trap: trap_request=0xffffffc6 fr.pc=0x0000022c102c567c relative=0x00000000000008bc
Event: 37.091 Thread 0x0000022c7e5a25c0 Uncommon trap: reason=bimorphic_or_optimized_type_check action=maybe_recompile pc=0x0000022c102c567c method=org.jetbrains.kotlin.descriptors.FindClassInModuleKt.findClassifierAcrossModuleDependencies(Lorg/jetbrains/kotlin/descriptors/ModuleDescriptor;Lorg
Event: 37.091 Thread 0x0000022c7e5a25c0 DEOPT PACKING pc=0x0000022c102c567c sp=0x000000586c0faa90
Event: 37.091 Thread 0x0000022c7e5a25c0 DEOPT UNPACKING pc=0x0000022c0f5a9d22 sp=0x000000586c0fa9e0 mode 2
Event: 37.135 Thread 0x0000022c7e5a25c0 Uncommon trap: trap_request=0xffffffde fr.pc=0x0000022c1064b388 relative=0x0000000000001948
Event: 37.135 Thread 0x0000022c7e5a25c0 Uncommon trap: reason=class_check action=maybe_recompile pc=0x0000022c1064b388 method=org.jetbrains.kotlin.types.KotlinTypeFactory.computeMemberScope(Lorg/jetbrains/kotlin/types/TypeConstructor;Ljava/util/List;Lorg/jetbrains/kotlin/types/checker/KotlinTyp
Event: 37.135 Thread 0x0000022c7e5a25c0 DEOPT PACKING pc=0x0000022c1064b388 sp=0x000000586c0fc200
Event: 37.135 Thread 0x0000022c7e5a25c0 DEOPT UNPACKING pc=0x0000022c0f5a9d22 sp=0x000000586c0fc0b8 mode 2
Event: 37.136 Thread 0x0000022c7e5a25c0 Uncommon trap: trap_request=0xffffffde fr.pc=0x0000022c1064b388 relative=0x0000000000001948
Event: 37.136 Thread 0x0000022c7e5a25c0 Uncommon trap: reason=class_check action=maybe_recompile pc=0x0000022c1064b388 method=org.jetbrains.kotlin.types.KotlinTypeFactory.computeMemberScope(Lorg/jetbrains/kotlin/types/TypeConstructor;Ljava/util/List;Lorg/jetbrains/kotlin/types/checker/KotlinTyp
Event: 37.136 Thread 0x0000022c7e5a25c0 DEOPT PACKING pc=0x0000022c1064b388 sp=0x000000586c0fbe60
Event: 37.136 Thread 0x0000022c7e5a25c0 DEOPT UNPACKING pc=0x0000022c0f5a9d22 sp=0x000000586c0fbd18 mode 2

Classes loaded (20 events):
Event: 23.356 Loading class jdk/internal/math/FloatingDecimal$BinaryToASCIIBuffer
Event: 23.357 Loading class jdk/internal/math/FloatingDecimal$BinaryToASCIIBuffer done
Event: 23.357 Loading class jdk/internal/math/FloatingDecimal$1
Event: 23.357 Loading class jdk/internal/math/FloatingDecimal$1 done
Event: 23.357 Loading class jdk/internal/math/FloatingDecimal$PreparedASCIIToBinaryBuffer
Event: 23.357 Loading class jdk/internal/math/FloatingDecimal$ASCIIToBinaryConverter
Event: 23.357 Loading class jdk/internal/math/FloatingDecimal$ASCIIToBinaryConverter done
Event: 23.357 Loading class jdk/internal/math/FloatingDecimal$PreparedASCIIToBinaryBuffer done
Event: 23.357 Loading class jdk/internal/math/FloatingDecimal$ASCIIToBinaryBuffer
Event: 23.357 Loading class jdk/internal/math/FloatingDecimal$ASCIIToBinaryBuffer done
Event: 28.644 Loading class java/util/regex/Pattern$Bound
Event: 28.644 Loading class java/util/regex/Pattern$Bound done
Event: 28.645 Loading class java/util/regex/Pattern$LookBehindEndNode
Event: 28.645 Loading class java/util/regex/Pattern$LookBehindEndNode done
Event: 28.646 Loading class java/util/regex/Pattern$NotBehind
Event: 28.646 Loading class java/util/regex/Pattern$NotBehind done
Event: 35.154 Loading class java/lang/Byte$ByteCache
Event: 35.154 Loading class java/lang/Byte$ByteCache done
Event: 35.178 Loading class java/lang/Short$ShortCache
Event: 35.179 Loading class java/lang/Short$ShortCache done

Classes unloaded (0 events):
No events

Classes redefined (0 events):
No events

Internal exceptions (20 events):
Event: 8.562 Thread 0x0000022c7e5a25c0 Implicit null exception at 0x0000022c0fd95b65 to 0x0000022c0fd95f70
Event: 8.601 Thread 0x0000022c7e5a25c0 Exception <a 'java/lang/NoSuchMethodError'{0x0000000621e0c0e8}: 'int java.lang.invoke.DirectMethodHandle$Holder.invokeStaticInit(java.lang.Object, int)'> (0x0000000621e0c0e8) 
thrown [s\open\src\hotspot\share\interpreter\linkResolver.cpp, line 773]
Event: 8.699 Thread 0x0000022c7e5a25c0 Exception <a 'java/lang/NoSuchMethodError'{0x000000060d05fb28}: 'java.lang.Object java.lang.invoke.DirectMethodHandle$Holder.invokeStatic(java.lang.Object, int, java.lang.Object)'> (0x000000060d05fb28) 
thrown [s\open\src\hotspot\share\interpreter\linkResolver.cpp, line 773]
Event: 9.379 Thread 0x0000022c7e5a25c0 Exception <a 'java/lang/NoSuchMethodError'{0x000000060be4fb28}: 'java.lang.Object java.lang.invoke.DirectMethodHandle$Holder.invokeStatic(java.lang.Object, int, java.lang.Object, java.lang.Object)'> (0x000000060be4fb28) 
thrown [s\open\src\hotspot\share\interpreter\linkResolver.cpp, line 773]
Event: 9.380 Thread 0x0000022c7e5a25c0 Exception <a 'java/lang/NoSuchMethodError'{0x000000060be579b0}: 'java.lang.Object java.lang.invoke.DirectMethodHandle$Holder.newInvokeSpecial(java.lang.Object, int, java.lang.Object)'> (0x000000060be579b0) 
thrown [s\open\src\hotspot\share\interpreter\linkResolver.cpp, line 773]
Event: 13.593 Thread 0x0000022c7e5a25c0 Implicit null exception at 0x0000022c101df31b to 0x0000022c101e2203
Event: 13.820 Thread 0x0000022c7e5a25c0 Implicit null exception at 0x0000022c10025223 to 0x0000022c100266a0
Event: 16.598 Thread 0x0000022c7e5a25c0 Implicit null exception at 0x0000022c0ffcc60d to 0x0000022c0ffcd414
Event: 17.799 Thread 0x0000022c7e5a25c0 Implicit null exception at 0x0000022c100c3cac to 0x0000022c100c508c
Event: 17.800 Thread 0x0000022c7e5a25c0 Implicit null exception at 0x0000022c100bde84 to 0x0000022c100be498
Event: 17.885 Thread 0x0000022c7e5a25c0 Implicit null exception at 0x0000022c0ff15f9d to 0x0000022c0ff16024
Event: 23.343 Thread 0x0000022c7e5a25c0 Implicit null exception at 0x0000022c104137c4 to 0x0000022c10414910
Event: 23.343 Thread 0x0000022c7e5a25c0 Implicit null exception at 0x0000022c101d2ac0 to 0x0000022c101d2b68
Event: 27.431 Thread 0x0000022c7e5a25c0 Implicit null exception at 0x0000022c105759d3 to 0x0000022c10575e27
Event: 27.431 Thread 0x0000022c7e5a25c0 Implicit null exception at 0x0000022c1056e9f7 to 0x0000022c1056fab4
Event: 28.540 Thread 0x0000022c7e5a25c0 Implicit null exception at 0x0000022c1064935a to 0x0000022c1064942c
Event: 28.816 Thread 0x0000022c7e5a25c0 Implicit null exception at 0x0000022c0fbc2622 to 0x0000022c0fbc28a4
Event: 30.148 Thread 0x0000022c7e5a25c0 Implicit null exception at 0x0000022c106ecc55 to 0x0000022c106ef954
Event: 30.854 Thread 0x0000022c7e5a25c0 Implicit null exception at 0x0000022c0ff40922 to 0x0000022c0ff409b5
Event: 36.447 Thread 0x0000022c7e5a25c0 Implicit null exception at 0x0000022c101d567e to 0x0000022c101d6d9c

VM Operations (20 events):
Event: 34.369 Executing VM operation: ICBufferFull
Event: 34.369 Executing VM operation: ICBufferFull done
Event: 34.759 Executing VM operation: ICBufferFull
Event: 34.759 Executing VM operation: ICBufferFull done
Event: 35.119 Executing VM operation: ICBufferFull
Event: 35.119 Executing VM operation: ICBufferFull done
Event: 35.459 Executing VM operation: ICBufferFull
Event: 35.459 Executing VM operation: ICBufferFull done
Event: 35.824 Executing VM operation: ICBufferFull
Event: 35.824 Executing VM operation: ICBufferFull done
Event: 36.060 Executing VM operation: ICBufferFull
Event: 36.060 Executing VM operation: ICBufferFull done
Event: 36.364 Executing VM operation: ICBufferFull
Event: 36.364 Executing VM operation: ICBufferFull done
Event: 36.411 Executing VM operation: G1CollectForAllocation
Event: 36.430 Executing VM operation: G1CollectForAllocation done
Event: 36.780 Executing VM operation: ICBufferFull
Event: 36.780 Executing VM operation: ICBufferFull done
Event: 37.135 Executing VM operation: ICBufferFull
Event: 37.135 Executing VM operation: ICBufferFull done

Events (20 events):
Event: 20.129 Thread 0x0000022c7fd91df0 flushing nmethod 0x0000022c0fbfa090
Event: 20.129 Thread 0x0000022c7fd91df0 flushing nmethod 0x0000022c0fbfed10
Event: 20.129 Thread 0x0000022c7fd91df0 flushing nmethod 0x0000022c0fbfe190
Event: 20.129 Thread 0x0000022c7fd91df0 flushing nmethod 0x0000022c0fbc1810
Event: 20.129 Thread 0x0000022c7fd91df0 flushing nmethod 0x0000022c0fb9d010
Event: 20.129 Thread 0x0000022c7fd91df0 flushing nmethod 0x0000022c0fb9bc10
Event: 20.129 Thread 0x0000022c7fd91df0 flushing nmethod 0x0000022c0fb74390
Event: 20.129 Thread 0x0000022c7fd91df0 flushing nmethod 0x0000022c0fb48990
Event: 20.129 Thread 0x0000022c7fd91df0 flushing nmethod 0x0000022c0fb2ff10
Event: 20.129 Thread 0x0000022c7fd91df0 flushing nmethod 0x0000022c0fb27910
Event: 20.129 Thread 0x0000022c7fd91df0 flushing nmethod 0x0000022c0fb35990
Event: 20.197 Thread 0x0000022c6a5c9a50 Thread exited: 0x0000022c6a5c9a50
Event: 20.197 Thread 0x0000022c69224060 Thread exited: 0x0000022c69224060
Event: 20.634 Thread 0x0000022c6ae26b90 Thread added: 0x0000022c6ae26b90
Event: 20.634 Thread 0x0000022c6ae26600 Thread added: 0x0000022c6ae26600
Event: 21.323 Thread 0x0000022c6ae26600 Thread exited: 0x0000022c6ae26600
Event: 21.323 Thread 0x0000022c6ae26b90 Thread exited: 0x0000022c6ae26b90
Event: 23.337 Thread 0x0000022c6ae25ae0 Thread added: 0x0000022c6ae25ae0
Event: 27.821 Thread 0x0000022c6ae2a330 Thread added: 0x0000022c6ae2a330
Event: 37.136 Thread 0x0000022c6ae2a330 Thread exited: 0x0000022c6ae2a330


Dynamic libraries:
0x00007ff6f1ae0000 - 0x00007ff6f1af0000 	C:\Program Files\Java\jdk-20\bin\java.exe
0x00007ffa4f5b0000 - 0x00007ffa4f7c7000 	C:\Windows\SYSTEM32\ntdll.dll
0x00007ffa4e7a0000 - 0x00007ffa4e864000 	C:\Windows\System32\KERNEL32.DLL
0x00007ffa4cbc0000 - 0x00007ffa4cf77000 	C:\Windows\System32\KERNELBASE.dll
0x00007ffa4d120000 - 0x00007ffa4d231000 	C:\Windows\System32\ucrtbase.dll
0x00007ffa0d8c0000 - 0x00007ffa0d8d9000 	C:\Program Files\Java\jdk-20\bin\jli.dll
0x00007ffa4f4a0000 - 0x00007ffa4f552000 	C:\Windows\System32\ADVAPI32.dll
0x00007ffa4f290000 - 0x00007ffa4f337000 	C:\Windows\System32\msvcrt.dll
0x00007ffa4f1e0000 - 0x00007ffa4f288000 	C:\Windows\System32\sechost.dll
0x00007ffa4cf80000 - 0x00007ffa4cfa8000 	C:\Windows\System32\bcrypt.dll
0x00007ffa4dba0000 - 0x00007ffa4dcb4000 	C:\Windows\System32\RPCRT4.dll
0x00007ffa4d890000 - 0x00007ffa4da3f000 	C:\Windows\System32\USER32.dll
0x00007ffa4ca70000 - 0x00007ffa4ca96000 	C:\Windows\System32\win32u.dll
0x00007ffa4d860000 - 0x00007ffa4d889000 	C:\Windows\System32\GDI32.dll
0x00007ffa4caa0000 - 0x00007ffa4cbb8000 	C:\Windows\System32\gdi32full.dll
0x00007ffa4d240000 - 0x00007ffa4d2da000 	C:\Windows\System32\msvcp_win.dll
0x00007ffa0d8e0000 - 0x00007ffa0d8fb000 	C:\Program Files\Java\jdk-20\bin\VCRUNTIME140.dll
0x00007ffa4bc70000 - 0x00007ffa4bf03000 	C:\Windows\WinSxS\amd64_microsoft.windows.common-controls_6595b64144ccf1df_6.0.22621.3672_none_2713b9d173822955\COMCTL32.dll
0x00007ffa436c0000 - 0x00007ffa436ca000 	C:\Windows\SYSTEM32\VERSION.dll
0x00007ffa4e000000 - 0x00007ffa4e031000 	C:\Windows\System32\IMM32.DLL
0x00007ffa0d8b0000 - 0x00007ffa0d8bc000 	C:\Program Files\Java\jdk-20\bin\vcruntime140_1.dll
0x00007ff9c6250000 - 0x00007ff9c62de000 	C:\Program Files\Java\jdk-20\bin\msvcp140.dll
0x00007ff9c55b0000 - 0x00007ff9c6248000 	C:\Program Files\Java\jdk-20\bin\server\jvm.dll
0x00007ffa0d8a0000 - 0x00007ffa0d8a9000 	C:\Windows\SYSTEM32\WSOCK32.dll
0x00007ffa4d2e0000 - 0x00007ffa4d351000 	C:\Windows\System32\WS2_32.dll
0x00007ffa3fbb0000 - 0x00007ffa3fbe4000 	C:\Windows\SYSTEM32\WINMM.dll
0x00007ffa4afd0000 - 0x00007ffa4afe8000 	C:\Windows\SYSTEM32\kernel.appcore.dll
0x00007ffa0d890000 - 0x00007ffa0d89a000 	C:\Program Files\Java\jdk-20\bin\jimage.dll
0x00007ffa4bf10000 - 0x00007ffa4c142000 	C:\Windows\SYSTEM32\DBGHELP.DLL
0x00007ffa4d360000 - 0x00007ffa4d6ee000 	C:\Windows\System32\combase.dll
0x00007ffa4e890000 - 0x00007ffa4e967000 	C:\Windows\System32\OLEAUT32.dll
0x00007ffa4c260000 - 0x00007ffa4c292000 	C:\Windows\SYSTEM32\dbgcore.DLL
0x00007ffa4c8c0000 - 0x00007ffa4c93b000 	C:\Windows\System32\bcryptPrimitives.dll
0x00007ffa0cb70000 - 0x00007ffa0cb96000 	C:\Program Files\Java\jdk-20\bin\java.dll
0x00007ff9c54d0000 - 0x00007ff9c55a7000 	C:\Program Files\Java\jdk-20\bin\jsvml.dll
0x00007ffa4e970000 - 0x00007ffa4f1d9000 	C:\Windows\System32\SHELL32.dll
0x00007ffa49d80000 - 0x00007ffa4a67f000 	C:\Windows\SYSTEM32\windows.storage.dll
0x00007ffa49c20000 - 0x00007ffa49d5f000 	C:\Windows\SYSTEM32\wintypes.dll
0x00007ffa4df00000 - 0x00007ffa4dff9000 	C:\Windows\System32\SHCORE.dll
0x00007ffa4e4c0000 - 0x00007ffa4e51e000 	C:\Windows\System32\shlwapi.dll
0x00007ffa4c7f0000 - 0x00007ffa4c817000 	C:\Windows\SYSTEM32\profapi.dll
0x00007ffa0d870000 - 0x00007ffa0d883000 	C:\Program Files\Java\jdk-20\bin\net.dll
0x00007ffa48660000 - 0x00007ffa48796000 	C:\Windows\SYSTEM32\WINHTTP.dll
0x00007ffa4b3f0000 - 0x00007ffa4b459000 	C:\Windows\system32\mswsock.dll
0x00007ffa0cb50000 - 0x00007ffa0cb66000 	C:\Program Files\Java\jdk-20\bin\nio.dll
0x00007ff9c54b0000 - 0x00007ff9c54c8000 	C:\Program Files\Java\jdk-20\bin\zip.dll
0x00007ffa0cb40000 - 0x00007ffa0cb50000 	C:\Program Files\Java\jdk-20\bin\verify.dll

dbghelp: loaded successfully - version: 4.0.5 - missing functions: none
symbol engine: initialized successfully - sym options: 0x614 - pdb path: .;C:\Program Files\Java\jdk-20\bin;C:\Windows\SYSTEM32;C:\Windows\WinSxS\amd64_microsoft.windows.common-controls_6595b64144ccf1df_6.0.22621.3672_none_2713b9d173822955;C:\Program Files\Java\jdk-20\bin\server

VM Arguments:
java_command: org.jetbrains.kotlin.cli.jvm.K2JVMCompiler @C:\TCC\client\node_modules\expo-modules-core\android\build\20240929_15272989101695722023.compiler.options
java_class_path (initial): C:\Users\euros\.gradle\caches\modules-2\files-2.1\org.jetbrains.kotlin\kotlin-compiler-embeddable\1.9.22\9cd4dc7773cf2a99ecd961a88fbbc9a2da3fb5e1\kotlin-compiler-embeddable-1.9.22.jar;C:\Users\euros\.gradle\caches\modules-2\files-2.1\org.jetbrains.kotlin\kotlin-stdlib\1.9.22\d6c44cd08d8f3f9bece8101216dbe6553365c6e3\kotlin-stdlib-1.9.22.jar;C:\Users\euros\.gradle\caches\modules-2\files-2.1\org.jetbrains.kotlin\kotlin-script-runtime\1.9.22\f8139a46fc677ec9badc49ae954392f4f5e7e7c7\kotlin-script-runtime-1.9.22.jar;C:\Users\euros\.gradle\caches\modules-2\files-2.1\org.jetbrains.kotlin\kotlin-reflect\1.6.10\1cbe9c92c12a94eea200d23c2bbaedaf3daf5132\kotlin-reflect-1.6.10.jar;C:\Users\euros\.gradle\caches\modules-2\files-2.1\org.jetbrains.kotlin\kotlin-daemon-embeddable\1.9.22\20e2c5df715f3240c765cfc222530e2796542021\kotlin-daemon-embeddable-1.9.22.jar;C:\Users\euros\.gradle\caches\modules-2\files-2.1\org.jetbrains.intellij.deps\trove4j\1.0.20200330\3afb14d5f9ceb459d724e907a21145e8ff394f02\trove4j-1.0.20200330.jar;C:\Users\euros\.gradle\caches\modules-2\files-2.1\org.jetbrains\annotations\13.0\919f0dfe192fb4e063e7dacadee7f8bb9a2672a9\annotations-13.0.jar
Launcher Type: SUN_STANDARD

[Global flags]
     intx CICompilerCount                          = 4                                         {product} {ergonomic}
     uint ConcGCThreads                            = 3                                         {product} {ergonomic}
     uint G1ConcRefinementThreads                  = 10                                        {product} {ergonomic}
   size_t G1HeapRegionSize                         = 4194304                                   {product} {ergonomic}
    uintx GCDrainStackTargetSize                   = 64                                        {product} {ergonomic}
   size_t InitialHeapSize                          = 536870912                                 {product} {ergonomic}
   size_t MarkStackSize                            = 4194304                                   {product} {ergonomic}
   size_t MaxHeapSize                              = 8556380160                                {product} {ergonomic}
   size_t MaxNewSize                               = 5133828096                                {product} {ergonomic}
   size_t MinHeapDeltaBytes                        = 4194304                                   {product} {ergonomic}
   size_t MinHeapSize                              = 8388608                                   {product} {ergonomic}
    uintx NonNMethodCodeHeapSize                   = 5839372                                {pd product} {ergonomic}
    uintx NonProfiledCodeHeapSize                  = 122909434                              {pd product} {ergonomic}
    uintx ProfiledCodeHeapSize                     = 122909434                              {pd product} {ergonomic}
    uintx ReservedCodeCacheSize                    = 251658240                              {pd product} {ergonomic}
     bool SegmentedCodeCache                       = true                                      {product} {ergonomic}
   size_t SoftMaxHeapSize                          = 8556380160                             {manageable} {ergonomic}
     bool UseCompressedClassPointers               = true                           {product lp64_product} {ergonomic}
     bool UseCompressedOops                        = true                           {product lp64_product} {ergonomic}
     bool UseG1GC                                  = true                                      {product} {ergonomic}
     bool UseLargePagesIndividualAllocation        = false                                  {pd product} {ergonomic}

Logging:
Log output configuration:
 #0: stdout all=warning uptime,level,tags foldmultilines=false
 #1: stderr all=off uptime,level,tags foldmultilines=false

Environment Variables:
CLASSPATH=C:\TCC\client\android\\gradle\wrapper\gradle-wrapper.jar
PATH=C:\Program Files\PowerShell\7;C:\Program Files\Common Files\Oracle\Java\javapath;C:\Program Files (x86)\Common Files\Oracle\Java\java8path;C:\Program Files (x86)\Common Files\Oracle\Java\javapath;C:\Python312\Scripts\;C:\Python312\;C:\Windows\system32;C:\Windows;C:\Windows\System32\Wbem;C:\Windows\System32\WindowsPowerShell\v1.0\;C:\Windows\System32\OpenSSH\;C:\Program Files\Git\cmd;C:\Program Files\Microsoft SQL Server\150\Tools\Binn\;C:\Program Files\Microsoft SQL Server\Client SDK\ODBC\170\Tools\Binn\;C:\Program Files\dotnet\;C:\Program Files\NVIDIA Corporation\NVIDIA app\NvDLISR;C:\Program Files (x86)\NVIDIA Corporation\PhysX\Common;C:\Program Files (x86)\Windows Kits\10\Windows Performance Toolkit\;C:\Program Files\nodejs\;C:\ProgramData\chocolatey\bin;C:\Program Files\PowerShell\7\;C:\Users\euros\AppData\Local\Android\Sdk\platform-tools;C:\Users\euros\AppData\Local\Android\Sdk\tools;C:\Users\euros\AppData\Local\Android\Sdk\platform-tools;C:\Users\euros\AppData\Local\Android\Sdk\tools;C:\Users\euros\AppData\Local\Microsoft\WindowsApps;C:\Users\euros\AppData\Local\Programs\Microsoft VS Code\bin;C:\Users\euros\.dotnet\tools;C:\Users\euros\AppData\Roaming\npm;C:\Program Files\JetBrains\IntelliJ IDEA 2024.1.4\bin;
USERNAME=euros
LANG=en_US.UTF-8
OS=Windows_NT
PROCESSOR_IDENTIFIER=AMD64 Family 23 Model 96 Stepping 1, AuthenticAMD
TMP=C:\Users\euros\AppData\Local\Temp
TEMP=C:\Users\euros\AppData\Local\Temp




---------------  S Y S T E M  ---------------

OS:
 Windows 11 , 64 bit Build 22621 (10.0.22621.3958)
OS uptime: 0 days 0:13 hours
Hyper-V role detected

CPU: total 12 (initial active 12) (12 cores per cpu, 2 threads per core) family 23 model 96 stepping 1 microcode 0x0, cx8, cmov, fxsr, ht, mmx, 3dnowpref, sse, sse2, sse3, ssse3, sse4a, sse4.1, sse4.2, popcnt, lzcnt, tsc, tscinvbit, avx, avx2, aes, clmul, bmi1, bmi2, adx, sha, fma, vzeroupper, clflush, clflushopt, hv, rdtscp, rdpid, f16c

Memory: 4k page, system-wide physical 32635M (15453M free)
TotalPageFile size 34683M (AvailPageFile size 17298M)
current process WorkingSet (physical memory assigned to process): 581M, peak: 597M
current process commit charge ("private bytes"): 626M, peak: 668M

vm_info: Java HotSpot(TM) 64-Bit Server VM (20.0.2+9-78) for windows-amd64 JRE (20.0.2+9-78), built on 2023-06-14T10:08:48Z by "mach5one" with MS VC++ 17.1 (VS2022)

END.
